This file contains any messages produced by compilers while
running configure, to aid debugging if configure makes a mistake.

It was created by STK configure 4.4, which was
generated by GNU Autoconf 2.61.  Invocation command line was

  $ ./configure 

## --------- ##
## Platform. ##
## --------- ##

hostname = rescomp-11-221249.stanford.edu
uname -m = x86_64
uname -r = 12.2.0
uname -s = Darwin
uname -v = Darwin Kernel Version 12.2.0: Sat Aug 25 00:48:52 PDT 2012; root:xnu-2050.18.24~1/RELEASE_X86_64

/usr/bin/uname -p = i386
/bin/uname -X     = unknown

/bin/arch              = unknown
/usr/bin/arch -k       = unknown
/usr/convex/getsysinfo = unknown
/usr/bin/hostinfo      = Mach kernel version:
	 Darwin Kernel Version 12.2.0: Sat Aug 25 00:48:52 PDT 2012; root:xnu-2050.18.24~1/RELEASE_X86_64
Kernel configured for up to 8 processors.
4 processors are physically available.
8 processors are logically available.
Processor type: i486 (Intel 80486)
Processors active: 0 1 2 3 4 5 6 7
Primary memory available: 16.00 gigabytes
Default processor set: 165 tasks, 833 threads, 8 processors
Load average: 0.77, Mach factor: 7.22
/bin/machine           = unknown
/usr/bin/oslevel       = unknown
/bin/universe          = unknown

PATH: /opt/local/bin
PATH: /opt/local/sbin
PATH: /usr/bin
PATH: /bin
PATH: /usr/sbin
PATH: /sbin
PATH: /usr/local/bin
PATH: /opt/X11/bin
PATH: /usr/texbin


## ----------- ##
## Core tests. ##
## ----------- ##

configure:1837: checking for g++
configure:1853: found /usr/bin/g++
configure:1864: result: g++
configure:1895: checking for C++ compiler version
configure:1902: g++ --version >&5
i686-apple-darwin11-llvm-g++-4.2 (GCC) 4.2.1 (Based on Apple Inc. build 5658) (LLVM build 2336.11.00)
Copyright (C) 2007 Free Software Foundation, Inc.
This is free software; see the source for copying conditions.  There is NO
warranty; not even for MERCHANTABILITY or FITNESS FOR A PARTICULAR PURPOSE.

configure:1905: $? = 0
configure:1912: g++ -v >&5
Using built-in specs.
Target: i686-apple-darwin11
Configured with: /private/var/tmp/llvmgcc42/llvmgcc42-2336.11~28/src/configure --disable-checking --enable-werror --prefix=/Applications/Xcode.app/Contents/Developer/usr/llvm-gcc-4.2 --mandir=/share/man --enable-languages=c,objc,c++,obj-c++ --program-prefix=llvm- --program-transform-name=/^[cg][^.-]*$/s/$/-4.2/ --with-slibdir=/usr/lib --build=i686-apple-darwin11 --enable-llvm=/private/var/tmp/llvmgcc42/llvmgcc42-2336.11~28/dst-llvmCore/Developer/usr/local --program-prefix=i686-apple-darwin11- --host=x86_64-apple-darwin11 --target=i686-apple-darwin11 --with-gxx-include-dir=/usr/include/c++/4.2.1
Thread model: posix
gcc version 4.2.1 (Based on Apple Inc. build 5658) (LLVM build 2336.11.00)
configure:1915: $? = 0
configure:1922: g++ -V >&5
llvm-g++-4.2: argument to `-V' is missing
configure:1925: $? = 1
configure:1948: checking for C++ compiler default output file name
configure:1975: g++    conftest.cpp  >&5
configure:1978: $? = 0
configure:2016: result: a.out
configure:2033: checking whether the C++ compiler works
configure:2043: ./a.out
configure:2046: $? = 0
configure:2063: result: yes
configure:2070: checking whether we are cross compiling
configure:2072: result: no
configure:2075: checking for suffix of executables
configure:2082: g++ -o conftest    conftest.cpp  >&5
configure:2085: $? = 0
configure:2109: result: 
configure:2115: checking for suffix of object files
configure:2141: g++ -c   conftest.cpp >&5
configure:2144: $? = 0
configure:2167: result: o
configure:2171: checking whether we are using the GNU C++ compiler
configure:2200: g++ -c   conftest.cpp >&5
configure:2206: $? = 0
configure:2223: result: yes
configure:2228: checking whether g++ accepts -g
configure:2258: g++ -c -g  conftest.cpp >&5
configure:2264: $? = 0
configure:2363: result: yes
configure:2429: checking for ranlib
configure:2445: found /usr/bin/ranlib
configure:2456: result: ranlib
configure:2484: checking for ar
configure:2502: found /usr/bin/ar
configure:2515: result: /usr/bin/ar
configure:2578: checking for gcc
configure:2594: found /usr/bin/gcc
configure:2605: result: gcc
configure:2843: checking for C compiler version
configure:2850: gcc --version >&5
i686-apple-darwin11-llvm-gcc-4.2 (GCC) 4.2.1 (Based on Apple Inc. build 5658) (LLVM build 2336.11.00)
Copyright (C) 2007 Free Software Foundation, Inc.
This is free software; see the source for copying conditions.  There is NO
warranty; not even for MERCHANTABILITY or FITNESS FOR A PARTICULAR PURPOSE.

configure:2853: $? = 0
configure:2860: gcc -v >&5
Using built-in specs.
Target: i686-apple-darwin11
Configured with: /private/var/tmp/llvmgcc42/llvmgcc42-2336.11~28/src/configure --disable-checking --enable-werror --prefix=/Applications/Xcode.app/Contents/Developer/usr/llvm-gcc-4.2 --mandir=/share/man --enable-languages=c,objc,c++,obj-c++ --program-prefix=llvm- --program-transform-name=/^[cg][^.-]*$/s/$/-4.2/ --with-slibdir=/usr/lib --build=i686-apple-darwin11 --enable-llvm=/private/var/tmp/llvmgcc42/llvmgcc42-2336.11~28/dst-llvmCore/Developer/usr/local --program-prefix=i686-apple-darwin11- --host=x86_64-apple-darwin11 --target=i686-apple-darwin11 --with-gxx-include-dir=/usr/include/c++/4.2.1
Thread model: posix
gcc version 4.2.1 (Based on Apple Inc. build 5658) (LLVM build 2336.11.00)
configure:2863: $? = 0
configure:2870: gcc -V >&5
llvm-gcc-4.2: argument to `-V' is missing
configure:2873: $? = 1
configure:2876: checking whether we are using the GNU C compiler
configure:2905: gcc -c   conftest.c >&5
configure:2911: $? = 0
configure:2928: result: yes
configure:2933: checking whether gcc accepts -g
configure:2963: gcc -c -g  conftest.c >&5
configure:2969: $? = 0
configure:3068: result: yes
configure:3085: checking for gcc option to accept ISO C89
configure:3159: gcc  -c -g -O2  conftest.c >&5
configure:3165: $? = 0
configure:3188: result: none needed
configure:3212: checking how to run the C preprocessor
configure:3252: gcc -E  conftest.c
configure:3258: $? = 0
configure:3289: gcc -E  conftest.c
conftest.c:8:28: error: ac_nonexistent.h: No such file or directory
configure:3295: $? = 1
configure: failed program was:
| /* confdefs.h.  */
| #define PACKAGE_NAME "STK"
| #define PACKAGE_TARNAME "stk"
| #define PACKAGE_VERSION "4.4"
| #define PACKAGE_STRING "STK 4.4"
| #define PACKAGE_BUGREPORT "gary@music.mcgill.ca"
| /* end confdefs.h.  */
| #include <ac_nonexistent.h>
configure:3328: result: gcc -E
configure:3357: gcc -E  conftest.c
configure:3363: $? = 0
configure:3394: gcc -E  conftest.c
conftest.c:8:28: error: ac_nonexistent.h: No such file or directory
configure:3400: $? = 1
configure: failed program was:
| /* confdefs.h.  */
| #define PACKAGE_NAME "STK"
| #define PACKAGE_TARNAME "stk"
| #define PACKAGE_VERSION "4.4"
| #define PACKAGE_STRING "STK 4.4"
| #define PACKAGE_BUGREPORT "gary@music.mcgill.ca"
| /* end confdefs.h.  */
| #include <ac_nonexistent.h>
configure:3438: checking for grep that handles long lines and -e
configure:3512: result: /usr/bin/grep
configure:3517: checking for egrep
configure:3595: result: /usr/bin/grep -E
configure:3600: checking for ANSI C header files
configure:3630: gcc -c -g -O2  conftest.c >&5
configure:3636: $? = 0
configure:3735: gcc -o conftest -g -O2   conftest.c  >&5
configure:3738: $? = 0
configure:3744: ./conftest
configure:3747: $? = 0
configure:3764: result: yes
configure:3788: checking for sys/types.h
configure:3809: gcc -c -g -O2  conftest.c >&5
configure:3815: $? = 0
configure:3831: result: yes
configure:3788: checking for sys/stat.h
configure:3809: gcc -c -g -O2  conftest.c >&5
configure:3815: $? = 0
configure:3831: result: yes
configure:3788: checking for stdlib.h
configure:3809: gcc -c -g -O2  conftest.c >&5
configure:3815: $? = 0
configure:3831: result: yes
configure:3788: checking for string.h
configure:3809: gcc -c -g -O2  conftest.c >&5
configure:3815: $? = 0
configure:3831: result: yes
configure:3788: checking for memory.h
configure:3809: gcc -c -g -O2  conftest.c >&5
configure:3815: $? = 0
configure:3831: result: yes
configure:3788: checking for strings.h
configure:3809: gcc -c -g -O2  conftest.c >&5
configure:3815: $? = 0
configure:3831: result: yes
configure:3788: checking for inttypes.h
configure:3809: gcc -c -g -O2  conftest.c >&5
configure:3815: $? = 0
configure:3831: result: yes
configure:3788: checking for stdint.h
configure:3809: gcc -c -g -O2  conftest.c >&5
configure:3815: $? = 0
configure:3831: result: yes
configure:3788: checking for unistd.h
configure:3809: gcc -c -g -O2  conftest.c >&5
configure:3815: $? = 0
configure:3831: result: yes
configure:3862: checking fcntl.h usability
configure:3879: gcc -c -g -O2  conftest.c >&5
configure:3885: $? = 0
configure:3899: result: yes
configure:3903: checking fcntl.h presence
configure:3918: gcc -E  conftest.c
configure:3924: $? = 0
configure:3938: result: yes
configure:3971: checking for fcntl.h
configure:3979: result: yes
configure:3862: checking sys/ioctl.h usability
configure:3879: gcc -c -g -O2  conftest.c >&5
configure:3885: $? = 0
configure:3899: result: yes
configure:3903: checking sys/ioctl.h presence
configure:3918: gcc -E  conftest.c
configure:3924: $? = 0
configure:3938: result: yes
configure:3971: checking for sys/ioctl.h
configure:3979: result: yes
configure:3862: checking sys/time.h usability
configure:3879: gcc -c -g -O2  conftest.c >&5
configure:3885: $? = 0
configure:3899: result: yes
configure:3903: checking sys/time.h presence
configure:3918: gcc -E  conftest.c
configure:3924: $? = 0
configure:3938: result: yes
configure:3971: checking for sys/time.h
configure:3979: result: yes
configure:3862: checking termio.h usability
configure:3879: gcc -c -g -O2  conftest.c >&5
conftest.c:54:20: error: termio.h: No such file or directory
configure:3885: $? = 1
configure: failed program was:
| /* confdefs.h.  */
| #define PACKAGE_NAME "STK"
| #define PACKAGE_TARNAME "stk"
| #define PACKAGE_VERSION "4.4"
| #define PACKAGE_STRING "STK 4.4"
| #define PACKAGE_BUGREPORT "gary@music.mcgill.ca"
| #define STDC_HEADERS 1
| #define HAVE_SYS_TYPES_H 1
| #define HAVE_SYS_STAT_H 1
| #define HAVE_STDLIB_H 1
| #define HAVE_STRING_H 1
| #define HAVE_MEMORY_H 1
| #define HAVE_STRINGS_H 1
| #define HAVE_INTTYPES_H 1
| #define HAVE_STDINT_H 1
| #define HAVE_UNISTD_H 1
| #define HAVE_FCNTL_H 1
| #define HAVE_SYS_IOCTL_H 1
| #define HAVE_SYS_TIME_H 1
| /* end confdefs.h.  */
| #include <stdio.h>
| #ifdef HAVE_SYS_TYPES_H
| # include <sys/types.h>
| #endif
| #ifdef HAVE_SYS_STAT_H
| # include <sys/stat.h>
| #endif
| #ifdef STDC_HEADERS
| # include <stdlib.h>
| # include <stddef.h>
| #else
| # ifdef HAVE_STDLIB_H
| #  include <stdlib.h>
| # endif
| #endif
| #ifdef HAVE_STRING_H
| # if !defined STDC_HEADERS && defined HAVE_MEMORY_H
| #  include <memory.h>
| # endif
| # include <string.h>
| #endif
| #ifdef HAVE_STRINGS_H
| # include <strings.h>
| #endif
| #ifdef HAVE_INTTYPES_H
| # include <inttypes.h>
| #endif
| #ifdef HAVE_STDINT_H
| # include <stdint.h>
| #endif
| #ifdef HAVE_UNISTD_H
| # include <unistd.h>
| #endif
| #include <termio.h>
configure:3899: result: no
configure:3903: checking termio.h presence
configure:3918: gcc -E  conftest.c
conftest.c:21:20: error: termio.h: No such file or directory
configure:3924: $? = 1
configure: failed program was:
| /* confdefs.h.  */
| #define PACKAGE_NAME "STK"
| #define PACKAGE_TARNAME "stk"
| #define PACKAGE_VERSION "4.4"
| #define PACKAGE_STRING "STK 4.4"
| #define PACKAGE_BUGREPORT "gary@music.mcgill.ca"
| #define STDC_HEADERS 1
| #define HAVE_SYS_TYPES_H 1
| #define HAVE_SYS_STAT_H 1
| #define HAVE_STDLIB_H 1
| #define HAVE_STRING_H 1
| #define HAVE_MEMORY_H 1
| #define HAVE_STRINGS_H 1
| #define HAVE_INTTYPES_H 1
| #define HAVE_STDINT_H 1
| #define HAVE_UNISTD_H 1
| #define HAVE_FCNTL_H 1
| #define HAVE_SYS_IOCTL_H 1
| #define HAVE_SYS_TIME_H 1
| /* end confdefs.h.  */
| #include <termio.h>
configure:3938: result: no
configure:3971: checking for termio.h
configure:3979: result: no
configure:3852: checking for unistd.h
configure:3858: result: yes
configure:3994: checking for an ANSI C-conforming const
configure:4069: gcc -c -g -O2  conftest.c >&5
configure:4075: $? = 0
configure:4090: result: yes
configure:4100: checking for size_t
configure:4130: gcc -c -g -O2  conftest.c >&5
configure:4136: $? = 0
configure:4151: result: yes
configure:4163: checking whether time.h and sys/time.h may both be included
configure:4193: gcc -c -g -O2  conftest.c >&5
configure:4199: $? = 0
configure:4214: result: yes
configure:4224: checking whether byte ordering is bigendian
configure:4257: gcc -c -g -O2  conftest.c >&5
configure:4263: $? = 0
configure:4295: gcc -c -g -O2  conftest.c >&5
conftest.c: In function 'main':
conftest.c:30: error: 'not' undeclared (first use in this function)
conftest.c:30: error: (Each undeclared identifier is reported only once
conftest.c:30: error: for each function it appears in.)
conftest.c:30: error: expected ';' before 'big'
configure:4301: $? = 1
configure: failed program was:
| /* confdefs.h.  */
| #define PACKAGE_NAME "STK"
| #define PACKAGE_TARNAME "stk"
| #define PACKAGE_VERSION "4.4"
| #define PACKAGE_STRING "STK 4.4"
| #define PACKAGE_BUGREPORT "gary@music.mcgill.ca"
| #define STDC_HEADERS 1
| #define HAVE_SYS_TYPES_H 1
| #define HAVE_SYS_STAT_H 1
| #define HAVE_STDLIB_H 1
| #define HAVE_STRING_H 1
| #define HAVE_MEMORY_H 1
| #define HAVE_STRINGS_H 1
| #define HAVE_INTTYPES_H 1
| #define HAVE_STDINT_H 1
| #define HAVE_UNISTD_H 1
| #define HAVE_FCNTL_H 1
| #define HAVE_SYS_IOCTL_H 1
| #define HAVE_SYS_TIME_H 1
| #define HAVE_UNISTD_H 1
| #define TIME_WITH_SYS_TIME 1
| /* end confdefs.h.  */
| #include <sys/types.h>
| #include <sys/param.h>
| 
| int
| main ()
| {
| #if BYTE_ORDER != BIG_ENDIAN
|  not big endian
| #endif
| 
|   ;
|   return 0;
| }
configure:4441: result: no
configure:4479: checking for RAWWAVE_PATH argument
configure:4483: result: 
configure:4486: checking for INCLUDE_PATH argument
configure:4490: result: 
configure:4494: checking whether to compile realtime support
configure:4508: result: yes
configure:4513: checking for cos in -lm
configure:4548: gcc -o conftest -g -O2   conftest.c -lm   >&5
conftest.c:30: warning: conflicting types for built-in function 'cos'
configure:4554: $? = 0
configure:4572: result: yes
configure:4589: checking whether to compile debug version
configure:4613: result: no
configure:4623: checking for select
configure:4679: gcc -o conftest -g -O2   conftest.c -lm  >&5
configure:4685: $? = 0
configure:4703: result: yes
configure:4623: checking for socket
configure:4679: gcc -o conftest -g -O2   conftest.c -lm  >&5
configure:4685: $? = 0
configure:4703: result: yes
configure:4713: checking for gettimeofday
configure:4769: gcc -o conftest -g -O2   conftest.c -lm  >&5
configure:4775: $? = 0
configure:4792: result: yes
configure:4821: checking build system type
configure:4839: result: i386-apple-darwin12.2.0
configure:4861: checking host system type
configure:4876: result: i386-apple-darwin12.2.0
configure:4917: checking for audio API
configure:5579: result: using CoreAudio
configure:5591: checking CoreAudio/CoreAudio.h usability
configure:5608: gcc -c -g -O2   -DHAVE_GETTIMEOFDAY conftest.c >&5
configure:5614: $? = 0
configure:5628: result: yes
configure:5632: checking CoreAudio/CoreAudio.h presence
configure:5647: gcc -E   -DHAVE_GETTIMEOFDAY conftest.c
configure:5653: $? = 0
configure:5667: result: yes
configure:5700: checking for CoreAudio/CoreAudio.h
configure:5707: result: yes
configure:5725: checking for pthread_create in -lpthread
configure:5760: gcc -o conftest -g -O2   -DHAVE_GETTIMEOFDAY  conftest.c -lpthread  -framework CoreAudio -framework CoreFoundation -framework CoreMidi >&5
configure:5766: $? = 0
configure:5784: result: yes
configure:5980: creating ./config.status

## ---------------------- ##
## Running config.status. ##
## ---------------------- ##

This file was extended by STK config.status 4.4, which was
generated by GNU Autoconf 2.61.  Invocation command line was

  CONFIG_FILES    = 
  CONFIG_HEADERS  = 
  CONFIG_LINKS    = 
  CONFIG_COMMANDS = 
  $ ./config.status 

on rescomp-11-221249.stanford.edu

config.status:609: creating Makefile
config.status:609: creating src/Makefile
config.status:609: creating projects/demo/Makefile
config.status:609: creating projects/effects/Makefile
config.status:609: creating projects/ragamatic/Makefile
config.status:609: creating projects/examples/Makefile
config.status:609: creating projects/examples/libMakefile
config.status:609: creating projects/eguitar/Makefile

## ---------------- ##
## Cache variables. ##
## ---------------- ##

ac_cv_build=i386-apple-darwin12.2.0
ac_cv_c_bigendian=no
ac_cv_c_compiler_gnu=yes
ac_cv_c_const=yes
ac_cv_cxx_compiler_gnu=yes
ac_cv_env_CCC_set=
ac_cv_env_CCC_value=
ac_cv_env_CC_set=
ac_cv_env_CC_value=
ac_cv_env_CFLAGS_set=
ac_cv_env_CFLAGS_value=
ac_cv_env_CPPFLAGS_set=
ac_cv_env_CPPFLAGS_value=
ac_cv_env_CPP_set=
ac_cv_env_CPP_value=
ac_cv_env_CXXFLAGS_set=
ac_cv_env_CXXFLAGS_value=
ac_cv_env_CXX_set=
ac_cv_env_CXX_value=
ac_cv_env_LDFLAGS_set=
ac_cv_env_LDFLAGS_value=
ac_cv_env_LIBS_set=
ac_cv_env_LIBS_value=
ac_cv_env_build_alias_set=
ac_cv_env_build_alias_value=
ac_cv_env_host_alias_set=
ac_cv_env_host_alias_value=
ac_cv_env_target_alias_set=
ac_cv_env_target_alias_value=
ac_cv_func_gettimeofday=yes
ac_cv_func_select=yes
ac_cv_func_socket=yes
ac_cv_header_CoreAudio_CoreAudio_h=yes
ac_cv_header_fcntl_h=yes
ac_cv_header_inttypes_h=yes
ac_cv_header_memory_h=yes
ac_cv_header_stdc=yes
ac_cv_header_stdint_h=yes
ac_cv_header_stdlib_h=yes
ac_cv_header_string_h=yes
ac_cv_header_strings_h=yes
ac_cv_header_sys_ioctl_h=yes
ac_cv_header_sys_stat_h=yes
ac_cv_header_sys_time_h=yes
ac_cv_header_sys_types_h=yes
ac_cv_header_termio_h=no
ac_cv_header_time=yes
ac_cv_header_unistd_h=yes
ac_cv_host=i386-apple-darwin12.2.0
ac_cv_lib_m_cos=yes
ac_cv_lib_pthread_pthread_create=yes
ac_cv_objext=o
ac_cv_path_AR=/usr/bin/ar
ac_cv_path_EGREP='/usr/bin/grep -E'
ac_cv_path_GREP=/usr/bin/grep
ac_cv_prog_CPP='gcc -E'
ac_cv_prog_ac_ct_CC=gcc
ac_cv_prog_ac_ct_CXX=g++
ac_cv_prog_ac_ct_RANLIB=ranlib
ac_cv_prog_cc_c89=
ac_cv_prog_cc_g=yes
ac_cv_prog_cxx_g=yes
ac_cv_type_size_t=yes

## ----------------- ##
## Output variables. ##
## ----------------- ##

AR='/usr/bin/ar'
CC='gcc'
CFLAGS='-g -O2'
CPP='gcc -E'
CPPFLAGS='  -DHAVE_GETTIMEOFDAY -D__MACOSX_CORE__'
CXX='g++'
CXXFLAGS='-O3 -Wall'
DEFS='-DPACKAGE_NAME=\"STK\" -DPACKAGE_TARNAME=\"stk\" -DPACKAGE_VERSION=\"4.4\" -DPACKAGE_STRING=\"STK\ 4.4\" -DPACKAGE_BUGREPORT=\"gary@music.mcgill.ca\" -DSTDC_HEADERS=1 -DHAVE_SYS_TYPES_H=1 -DHAVE_SYS_STAT_H=1 -DHAVE_STDLIB_H=1 -DHAVE_STRING_H=1 -DHAVE_MEMORY_H=1 -DHAVE_STRINGS_H=1 -DHAVE_INTTYPES_H=1 -DHAVE_STDINT_H=1 -DHAVE_UNISTD_H=1 -DHAVE_FCNTL_H=1 -DHAVE_SYS_IOCTL_H=1 -DHAVE_SYS_TIME_H=1 -DHAVE_UNISTD_H=1 -DTIME_WITH_SYS_TIME=1 -DHAVE_LIBM=1 -DHAVE_SELECT=1 -DHAVE_SOCKET=1 -DHAVE_LIBPTHREAD=1'
ECHO_C='ECHO_N=''
ECHO_T=''
EGREP='/usr/bin/grep -E'
EXEEXT=''
GREP='/usr/bin/grep'
GXX='yes'
LDFLAGS=''
LIBOBJS=''
LIBS='-lpthread -framework CoreAudio -framework CoreFoundation -framework CoreMidi'
LTLIBOBJS=''
OBJEXT='o'
PACKAGE_BUGREPORT='gary@music.mcgill.ca'
PACKAGE_NAME='STK'
PACKAGE_STRING='STK 4.4'
PACKAGE_TARNAME='stk'
PACKAGE_VERSION='4.4'
PATH_SEPARATOR=':'
RANLIB='ranlib'
SHELL='/bin/sh'
ac_ct_CC='gcc'
ac_ct_CXX='g++'
api='-D__MACOSX_CORE__'
bindir='${exec_prefix}/bin'
build='i386-apple-darwin12.2.0'
build_alias=''
build_cpu='i386'
build_os='darwin12.2.0'
build_vendor='apple'
byte_order='-D__LITTLE_ENDIAN__'
cppflag=' -DHAVE_GETTIMEOFDAY'
cxxflag='-Wall'
datadir='${datarootdir}'
datarootdir='${prefix}/share'
debug='no'
docdir='${datarootdir}/doc/${PACKAGE_TARNAME}'
dvidir='${docdir}'
exec_prefix='${prefix}'
host='i386-apple-darwin12.2.0'
host_alias=''
host_cpu='i386'
host_os='darwin12.2.0'
host_vendor='apple'
htmldir='${docdir}'
include=''
includedir='${prefix}/include'
infodir='${datarootdir}/info'
libdir='${exec_prefix}/lib'
libexecdir='${exec_prefix}/libexec'
libflags='-dynamiclib -o libstk.$(RELEASE).dylib'
localedir='${datarootdir}/locale'
localstatedir='${prefix}/var'
mandir='${datarootdir}/man'
object_path='Release'
objects=''
oldincludedir='/usr/include'
pdfdir='${docdir}'
prefix='/usr/local'
program_transform_name='s,x,x,'
psdir='${docdir}'
rawwaves=''
realtime='yes'
sbindir='${exec_prefix}/sbin'
sharedlib='libstk.dylib'
sharedname='libstk.$(RELEASE).dylib'
sharedstatedir='${prefix}/com'
sound_api=''
sysconfdir='${prefix}/etc'
target_alias=''

## ----------- ##
## confdefs.h. ##
## ----------- ##

#define PACKAGE_NAME "STK"
#define PACKAGE_TARNAME "stk"
#define PACKAGE_VERSION "4.4"
#define PACKAGE_STRING "STK 4.4"
#define PACKAGE_BUGREPORT "gary@music.mcgill.ca"
#define STDC_HEADERS 1
#define HAVE_SYS_TYPES_H 1
#define HAVE_SYS_STAT_H 1
#define HAVE_STDLIB_H 1
#define HAVE_STRING_H 1
#define HAVE_MEMORY_H 1
#define HAVE_STRINGS_H 1
#define HAVE_INTTYPES_H 1
#define HAVE_STDINT_H 1
#define HAVE_UNISTD_H 1
#define HAVE_FCNTL_H 1
#define HAVE_SYS_IOCTL_H 1
#define HAVE_SYS_TIME_H 1
#define HAVE_UNISTD_H 1
#define TIME_WITH_SYS_TIME 1
#define HAVE_LIBM 1
#define HAVE_SELECT 1
#define HAVE_SOCKET 1
#define HAVE_LIBPTHREAD 1

configure: exit 0
