C:\Users\boolzhu\Downloads\assignment5(1)\assignment5\FontEditor\Debug\cl.command.1.tlog
C:\Users\boolzhu\Downloads\assignment5(1)\assignment5\FontEditor\Debug\CL.read.1.tlog
C:\Users\boolzhu\Downloads\assignment5(1)\assignment5\FontEditor\Debug\CL.write.1.tlog
C:\USERS\BOOLZHU\DOWNLOADS\ASSIGNMENT5(1)\ASSIGNMENT5\FONTEDITOR\DEBUG\FONTEDITOR.EXE
C:\USERS\BOOLZHU\DOWNLOADS\ASSIGNMENT5(1)\ASSIGNMENT5\FONTEDITOR\DEBUG\FONTEDITOR.EXE.EMBED.MANIFEST
C:\USERS\BOOLZHU\DOWNLOADS\ASSIGNMENT5(1)\ASSIGNMENT5\FONTEDITOR\DEBUG\FONTEDITOR.EXE.EMBED.MANIFEST.RES
C:\USERS\BOOLZHU\DOWNLOADS\ASSIGNMENT5(1)\ASSIGNMENT5\FONTEDITOR\DEBUG\FONTEDITOR.EXE.INTERMEDIATE.MANIFEST
C:\USERS\BOOLZHU\DOWNLOADS\ASSIGNMENT5(1)\ASSIGNMENT5\FONTEDITOR\DEBUG\FONTEDITOR.ILK
C:\USERS\BOOLZHU\DOWNLOADS\ASSIGNMENT5(1)\ASSIGNMENT5\FONTEDITOR\DEBUG\FONTEDITOR.PDB
C:\Users\boolzhu\Downloads\assignment5(1)\assignment5\FontEditor\Debug\FontEditor.write.1.tlog
C:\Users\boolzhu\Downloads\assignment5(1)\assignment5\FontEditor\Debug\FontEditor_manifest.rc
C:\Users\boolzhu\Downloads\assignment5(1)\assignment5\FontEditor\Debug\link.468.read.1.tlog
C:\Users\boolzhu\Downloads\assignment5(1)\assignment5\FontEditor\Debug\link.468.write.1.tlog
C:\Users\boolzhu\Downloads\assignment5(1)\assignment5\FontEditor\Debug\link.468-cvtres.read.1.tlog
C:\Users\boolzhu\Downloads\assignment5(1)\assignment5\FontEditor\Debug\link.468-cvtres.write.1.tlog
C:\Users\boolzhu\Downloads\assignment5(1)\assignment5\FontEditor\Debug\link.command.1.tlog
C:\Users\boolzhu\Downloads\assignment5(1)\assignment5\FontEditor\Debug\link.read.1.tlog
C:\Users\boolzhu\Downloads\assignment5(1)\assignment5\FontEditor\Debug\link.write.1.tlog
C:\Users\boolzhu\Downloads\assignment5(1)\assignment5\FontEditor\Debug\link-cvtres.read.1.tlog
C:\Users\boolzhu\Downloads\assignment5(1)\assignment5\FontEditor\Debug\link-cvtres.write.1.tlog
C:\USERS\BOOLZHU\DOWNLOADS\ASSIGNMENT5(1)\ASSIGNMENT5\FONTEDITOR\DEBUG\MAIN.OBJ
C:\Users\boolzhu\Downloads\assignment5(1)\assignment5\FontEditor\Debug\mt.command.1.tlog
C:\Users\boolzhu\Downloads\assignment5(1)\assignment5\FontEditor\Debug\mt.read.1.tlog
C:\Users\boolzhu\Downloads\assignment5(1)\assignment5\FontEditor\Debug\mt.write.1.tlog
C:\USERS\BOOLZHU\DOWNLOADS\ASSIGNMENT5(1)\ASSIGNMENT5\FONTEDITOR\DEBUG\MYFONT.OBJ
C:\Users\boolzhu\Downloads\assignment5(1)\assignment5\FontEditor\Debug\rc.command.1.tlog
C:\Users\boolzhu\Downloads\assignment5(1)\assignment5\FontEditor\Debug\rc.read.1.tlog
C:\Users\boolzhu\Downloads\assignment5(1)\assignment5\FontEditor\Debug\rc.write.1.tlog
C:\USERS\BOOLZHU\DOWNLOADS\ASSIGNMENT5(1)\ASSIGNMENT5\FONTEDITOR\DEBUG\TEMPLATELAYER.OBJ
C:\USERS\BOOLZHU\DOWNLOADS\ASSIGNMENT5(1)\ASSIGNMENT5\FONTEDITOR\DEBUG\TTDATASTREAM.OBJ
C:\USERS\BOOLZHU\DOWNLOADS\ASSIGNMENT5(1)\ASSIGNMENT5\FONTEDITOR\DEBUG\TTFONTWRITER.OBJ
C:\USERS\BOOLZHU\DOWNLOADS\ASSIGNMENT5(1)\ASSIGNMENT5\FONTEDITOR\DEBUG\TTGLYPH.OBJ
C:\USERS\BOOLZHU\DOWNLOADS\ASSIGNMENT5(1)\ASSIGNMENT5\FONTEDITOR\DEBUG\TTTABLES.OBJ
C:\Users\boolzhu\Downloads\assignment5(1)\assignment5\FontEditor\Debug\vc100.idb
C:\USERS\BOOLZHU\DOWNLOADS\ASSIGNMENT5(1)\ASSIGNMENT5\FONTEDITOR\DEBUG\VC100.PDB
