This file contains any messages produced by compilers while
running configure, to aid debugging if configure makes a mistake.

It was created by configure, which was
generated by GNU Autoconf 2.67.  Invocation command line was

  $ ./configure 

## --------- ##
## Platform. ##
## --------- ##

hostname = e7mac.stanford.edu
uname -m = x86_64
uname -r = 11.2.0
uname -s = Darwin
uname -v = Darwin Kernel Version 11.2.0: Tue Aug  9 20:54:00 PDT 2011; root:xnu-1699.24.8~1/RELEASE_X86_64

/usr/bin/uname -p = i386
/bin/uname -X     = unknown

/bin/arch              = unknown
/usr/bin/arch -k       = unknown
/usr/convex/getsysinfo = unknown
/usr/bin/hostinfo      = Mach kernel version:
	 Darwin Kernel Version 11.2.0: Tue Aug  9 20:54:00 PDT 2011; root:xnu-1699.24.8~1/RELEASE_X86_64
Kernel configured for up to 8 processors.
4 processors are physically available.
8 processors are logically available.
Processor type: i486 (Intel 80486)
Processors active: 0 1 2 3 4 5 6 7
Primary memory available: 8.00 gigabytes
Default processor set: 117 tasks, 675 threads, 8 processors
Load average: 1.86, Mach factor: 6.13
/bin/machine           = unknown
/usr/bin/oslevel       = unknown
/bin/universe          = unknown

PATH: /usr/local/bin
PATH: /usr/local/share/python
PATH: /opt/local/bin
PATH: /Users/Mayank/.local/bin
PATH: /usr/bin
PATH: /bin
PATH: /usr/sbin
PATH: /sbin
PATH: /usr/local/bin
PATH: /usr/X11/bin


## ----------- ##
## Core tests. ##
## ----------- ##

configure:2554: checking for a BSD-compatible install
configure:2622: result: /usr/bin/install -c
configure:2633: checking whether build environment is sane
configure:2683: result: yes
configure:2824: checking for a thread-safe mkdir -p
configure:2863: result: ./install-sh -c -d
configure:2876: checking for gawk
configure:2906: result: no
configure:2876: checking for mawk
configure:2906: result: no
configure:2876: checking for nawk
configure:2906: result: no
configure:2876: checking for awk
configure:2892: found /usr/bin/awk
configure:2903: result: awk
configure:2914: checking whether make sets $(MAKE)
configure:2936: result: yes
configure:3081: checking for gcc
configure:3097: found /usr/bin/gcc
configure:3108: result: gcc
configure:3337: checking for C compiler version
configure:3346: gcc --version >&5
i686-apple-darwin11-llvm-gcc-4.2 (GCC) 4.2.1 (Based on Apple Inc. build 5658) (LLVM build 2336.1.00)
Copyright (C) 2007 Free Software Foundation, Inc.
This is free software; see the source for copying conditions.  There is NO
warranty; not even for MERCHANTABILITY or FITNESS FOR A PARTICULAR PURPOSE.

configure:3357: $? = 0
configure:3346: gcc -v >&5
Using built-in specs.
Target: i686-apple-darwin11
Configured with: /private/var/tmp/llvmgcc42/llvmgcc42-2336.1~22/src/configure --disable-checking --enable-werror --prefix=/Developer/usr/llvm-gcc-4.2 --mandir=/share/man --enable-languages=c,objc,c++,obj-c++ --program-prefix=llvm- --program-transform-name=/^[cg][^.-]*$/s/$/-4.2/ --with-slibdir=/usr/lib --build=i686-apple-darwin11 --enable-llvm=/private/var/tmp/llvmgcc42/llvmgcc42-2336.1~22/dst-llvmCore/Developer/usr/local --program-prefix=i686-apple-darwin11- --host=x86_64-apple-darwin11 --target=i686-apple-darwin11 --with-gxx-include-dir=/usr/include/c++/4.2.1
Thread model: posix
gcc version 4.2.1 (Based on Apple Inc. build 5658) (LLVM build 2336.1.00)
configure:3357: $? = 0
configure:3346: gcc -V >&5
llvm-gcc-4.2: argument to `-V' is missing
configure:3357: $? = 1
configure:3346: gcc -qversion >&5
i686-apple-darwin11-llvm-gcc-4.2: no input files
configure:3357: $? = 1
configure:3377: checking whether the C compiler works
configure:3399: gcc    conftest.c  >&5
configure:3403: $? = 0
configure:3451: result: yes
configure:3454: checking for C compiler default output file name
configure:3456: result: a.out
configure:3462: checking for suffix of executables
configure:3469: gcc -o conftest    conftest.c  >&5
configure:3473: $? = 0
configure:3495: result: 
configure:3517: checking whether we are cross compiling
configure:3525: gcc -o conftest    conftest.c  >&5
configure:3529: $? = 0
configure:3536: ./conftest
configure:3540: $? = 0
configure:3555: result: no
configure:3560: checking for suffix of object files
configure:3582: gcc -c   conftest.c >&5
configure:3586: $? = 0
configure:3607: result: o
configure:3611: checking whether we are using the GNU C compiler
configure:3630: gcc -c   conftest.c >&5
configure:3630: $? = 0
configure:3639: result: yes
configure:3648: checking whether gcc accepts -g
configure:3668: gcc -c -g  conftest.c >&5
configure:3668: $? = 0
configure:3709: result: yes
configure:3726: checking for gcc option to accept ISO C89
configure:3790: gcc  -c   conftest.c >&5
configure:3790: $? = 0
configure:3803: result: none needed
configure:3834: checking for style of include used by make
configure:3862: result: GNU
configure:3887: checking dependency style of gcc
configure:3997: result: gcc3
configure:4013: checking whether gcc and cc understand -c and -o together
configure:4044: gcc -c conftest.c -o conftest2.o >&5
configure:4048: $? = 0
configure:4054: gcc -c conftest.c -o conftest2.o >&5
configure:4058: $? = 0
configure:4069: cc -c conftest.c >&5
configure:4073: $? = 0
configure:4081: cc -c conftest.c -o conftest2.o >&5
configure:4085: $? = 0
configure:4091: cc -c conftest.c -o conftest2.o >&5
configure:4095: $? = 0
configure:4113: result: yes
configure:4143: checking build system type
configure:4157: result: x86_64-apple-darwin11.2.0
configure:4177: checking host system type
configure:4190: result: x86_64-apple-darwin11.2.0
configure:4538: checking for a sed that does not truncate output
configure:4602: result: /usr/bin/sed
configure:4620: checking for grep that handles long lines and -e
configure:4678: result: /usr/bin/grep
configure:4683: checking for egrep
configure:4745: result: /usr/bin/grep -E
configure:4750: checking for fgrep
configure:4812: result: /usr/bin/grep -F
configure:4847: checking for ld used by gcc
configure:4914: result: /usr/llvm-gcc-4.2/libexec/gcc/i686-apple-darwin11/4.2.1/ld
configure:4921: checking if the linker (/usr/llvm-gcc-4.2/libexec/gcc/i686-apple-darwin11/4.2.1/ld) is GNU ld
configure:4936: result: no
configure:4948: checking for BSD- or MS-compatible name lister (nm)
configure:4997: result: /usr/bin/nm
configure:5115: checking the name lister (/usr/bin/nm) interface
configure:5122: gcc -c   conftest.c >&5
configure:5125: /usr/bin/nm "conftest.o"
configure:5128: output
0000000000000000 S _some_variable
configure:5135: result: BSD nm
configure:5138: checking whether ln -s works
configure:5142: result: yes
configure:5150: checking the maximum length of command line arguments
configure:5270: result: 196608
configure:5287: checking whether the shell understands some XSI constructs
configure:5297: result: yes
configure:5301: checking whether the shell understands "+="
configure:5307: result: yes
configure:5342: checking for /usr/llvm-gcc-4.2/libexec/gcc/i686-apple-darwin11/4.2.1/ld option to reload object files
configure:5349: result: -r
configure:5418: checking for objdump
configure:5445: result: objdump
configure:5474: checking how to recognize dependent libraries
configure:5670: result: pass_all
configure:5730: checking for ar
configure:5746: found /usr/bin/ar
configure:5757: result: ar
configure:5835: checking for strip
configure:5851: found /usr/bin/strip
configure:5862: result: strip
configure:5934: checking for ranlib
configure:5950: found /usr/bin/ranlib
configure:5961: result: ranlib
configure:6051: checking command to parse /usr/bin/nm output from gcc object
configure:6169: gcc -c   conftest.c >&5
configure:6172: $? = 0
configure:6176: /usr/bin/nm conftest.o \| sed -n -e 's/^.*[	 ]\([BCDEGRST][BCDEGRST]*\)[	 ][	 ]*\([_A-Za-z][_A-Za-z0-9]*\)$/\1 \2 \2/p' \> conftest.nm
configure:6179: $? = 0
cannot find nm_test_var in conftest.nm
configure:6169: gcc -c   conftest.c >&5
configure:6172: $? = 0
configure:6176: /usr/bin/nm conftest.o \| sed -n -e 's/^.*[	 ]\([BCDEGRST][BCDEGRST]*\)[	 ][	 ]*_\([_A-Za-z][_A-Za-z0-9]*\)$/\1 _\2 \2/p' \> conftest.nm
configure:6179: $? = 0
configure:6233: gcc -o conftest    conftest.c conftstm.o >&5
configure:6236: $? = 0
configure:6274: result: ok
configure:6539: checking for dsymutil
configure:6555: found /usr/bin/dsymutil
configure:6566: result: dsymutil
configure:6631: checking for nmedit
configure:6647: found /usr/bin/nmedit
configure:6658: result: nmedit
configure:6723: checking for lipo
configure:6739: found /usr/bin/lipo
configure:6750: result: lipo
configure:6815: checking for otool
configure:6831: found /usr/bin/otool
configure:6842: result: otool
configure:6907: checking for otool64
configure:6937: result: no
configure:6982: checking for -single_module linker flag
gcc   -o libconftest.dylib -dynamiclib -Wl,-single_module conftest.c
configure:7009: result: yes
configure:7011: checking for -exported_symbols_list linker flag
configure:7031: gcc -o conftest    -Wl,-exported_symbols_list,conftest.sym conftest.c  >&5
configure:7031: $? = 0
configure:7041: result: yes
configure:7083: checking how to run the C preprocessor
configure:7114: gcc -E  conftest.c
configure:7114: $? = 0
configure:7128: gcc -E  conftest.c
conftest.c:11:28: error: ac_nonexistent.h: No such file or directory
configure:7128: $? = 1
configure: failed program was:
| /* confdefs.h */
| #define PACKAGE_NAME ""
| #define PACKAGE_TARNAME ""
| #define PACKAGE_VERSION ""
| #define PACKAGE_STRING ""
| #define PACKAGE_BUGREPORT ""
| #define PACKAGE_URL ""
| #define PACKAGE "fluidsynth"
| #define VERSION "1.1.5"
| /* end confdefs.h.  */
| #include <ac_nonexistent.h>
configure:7153: result: gcc -E
configure:7173: gcc -E  conftest.c
configure:7173: $? = 0
configure:7187: gcc -E  conftest.c
conftest.c:11:28: error: ac_nonexistent.h: No such file or directory
configure:7187: $? = 1
configure: failed program was:
| /* confdefs.h */
| #define PACKAGE_NAME ""
| #define PACKAGE_TARNAME ""
| #define PACKAGE_VERSION ""
| #define PACKAGE_STRING ""
| #define PACKAGE_BUGREPORT ""
| #define PACKAGE_URL ""
| #define PACKAGE "fluidsynth"
| #define VERSION "1.1.5"
| /* end confdefs.h.  */
| #include <ac_nonexistent.h>
configure:7216: checking for ANSI C header files
configure:7236: gcc -c   conftest.c >&5
configure:7236: $? = 0
configure:7309: gcc -o conftest    conftest.c  >&5
configure:7309: $? = 0
configure:7309: ./conftest
configure:7309: $? = 0
configure:7320: result: yes
configure:7333: checking for sys/types.h
configure:7333: gcc -c   conftest.c >&5
configure:7333: $? = 0
configure:7333: result: yes
configure:7333: checking for sys/stat.h
configure:7333: gcc -c   conftest.c >&5
configure:7333: $? = 0
configure:7333: result: yes
configure:7333: checking for stdlib.h
configure:7333: gcc -c   conftest.c >&5
configure:7333: $? = 0
configure:7333: result: yes
configure:7333: checking for string.h
configure:7333: gcc -c   conftest.c >&5
configure:7333: $? = 0
configure:7333: result: yes
configure:7333: checking for memory.h
configure:7333: gcc -c   conftest.c >&5
configure:7333: $? = 0
configure:7333: result: yes
configure:7333: checking for strings.h
configure:7333: gcc -c   conftest.c >&5
configure:7333: $? = 0
configure:7333: result: yes
configure:7333: checking for inttypes.h
configure:7333: gcc -c   conftest.c >&5
configure:7333: $? = 0
configure:7333: result: yes
configure:7333: checking for stdint.h
configure:7333: gcc -c   conftest.c >&5
configure:7333: $? = 0
configure:7333: result: yes
configure:7333: checking for unistd.h
configure:7333: gcc -c   conftest.c >&5
configure:7333: $? = 0
configure:7333: result: yes
configure:7347: checking for dlfcn.h
configure:7347: gcc -c   conftest.c >&5
configure:7347: $? = 0
configure:7347: result: yes
configure:7529: checking for objdir
configure:7544: result: .libs
configure:7836: checking if gcc supports -fno-rtti -fno-exceptions
configure:7854: gcc -c   -fno-rtti -fno-exceptions conftest.c >&5
cc1: warning: command line option "-fno-rtti" is valid for C++/ObjC++ but not for C
configure:7858: $? = 0
configure:7871: result: no
configure:7891: checking for gcc option to produce PIC
configure:8163: result: -fno-common -DPIC
configure:8175: checking if gcc PIC flag -fno-common -DPIC works
configure:8193: gcc -c   -fno-common -DPIC -DPIC conftest.c >&5
configure:8197: $? = 0
configure:8210: result: yes
configure:8234: checking if gcc static flag -static works
configure:8262: result: no
configure:8277: checking if gcc supports -c -o file.o
configure:8298: gcc -c   -o out/conftest2.o conftest.c >&5
configure:8302: $? = 0
configure:8324: result: yes
configure:8332: checking if gcc supports -c -o file.o
configure:8379: result: yes
configure:8412: checking whether the gcc linker (/usr/llvm-gcc-4.2/libexec/gcc/i686-apple-darwin11/4.2.1/ld) supports shared libraries
configure:9403: result: yes
configure:9642: checking dynamic linker characteristics
configure:10305: result: darwin11.2.0 dyld
configure:10407: checking how to hardcode library paths into programs
configure:10432: result: immediate
configure:10952: checking whether stripping libraries is possible
configure:10966: result: yes
configure:10992: checking if libtool supports shared libraries
configure:10994: result: yes
configure:10997: checking whether to build shared libraries
configure:11018: result: yes
configure:11021: checking whether to build static libraries
configure:11025: result: yes
configure:11060: checking whether make sets $(MAKE)
configure:11082: result: yes
configure:11092: checking for pthread_create in -lpthread
configure:11117: gcc -o conftest    conftest.c -lpthread   >&5
configure:11117: $? = 0
configure:11126: result: yes
configure:11138: checking for ANSI C header files
configure:11242: result: yes
configure:11253: checking for string.h
configure:11253: result: yes
configure:11253: checking for stdlib.h
configure:11253: result: yes
configure:11253: checking stdio.h usability
configure:11253: gcc -c   conftest.c >&5
configure:11253: $? = 0
configure:11253: result: yes
configure:11253: checking stdio.h presence
configure:11253: gcc -E  conftest.c
configure:11253: $? = 0
configure:11253: result: yes
configure:11253: checking for stdio.h
configure:11253: result: yes
configure:11253: checking math.h usability
configure:11253: gcc -c   conftest.c >&5
configure:11253: $? = 0
configure:11253: result: yes
configure:11253: checking math.h presence
configure:11253: gcc -E  conftest.c
configure:11253: $? = 0
configure:11253: result: yes
configure:11253: checking for math.h
configure:11253: result: yes
configure:11253: checking errno.h usability
configure:11253: gcc -c   conftest.c >&5
configure:11253: $? = 0
configure:11253: result: yes
configure:11253: checking errno.h presence
configure:11253: gcc -E  conftest.c
configure:11253: $? = 0
configure:11253: result: yes
configure:11253: checking for errno.h
configure:11253: result: yes
configure:11253: checking stdarg.h usability
configure:11253: gcc -c   conftest.c >&5
configure:11253: $? = 0
configure:11253: result: yes
configure:11253: checking stdarg.h presence
configure:11253: gcc -E  conftest.c
configure:11253: $? = 0
configure:11253: result: yes
configure:11253: checking for stdarg.h
configure:11253: result: yes
configure:11253: checking for unistd.h
configure:11253: result: yes
configure:11253: checking sys/mman.h usability
configure:11253: gcc -c   conftest.c >&5
configure:11253: $? = 0
configure:11253: result: yes
configure:11253: checking sys/mman.h presence
configure:11253: gcc -E  conftest.c
configure:11253: $? = 0
configure:11253: result: yes
configure:11253: checking for sys/mman.h
configure:11253: result: yes
configure:11253: checking for sys/types.h
configure:11253: result: yes
configure:11253: checking sys/time.h usability
configure:11253: gcc -c   conftest.c >&5
configure:11253: $? = 0
configure:11253: result: yes
configure:11253: checking sys/time.h presence
configure:11253: gcc -E  conftest.c
configure:11253: $? = 0
configure:11253: result: yes
configure:11253: checking for sys/time.h
configure:11253: result: yes
configure:11253: checking for sys/stat.h
configure:11253: result: yes
configure:11253: checking fcntl.h usability
configure:11253: gcc -c   conftest.c >&5
configure:11253: $? = 0
configure:11253: result: yes
configure:11253: checking fcntl.h presence
configure:11253: gcc -E  conftest.c
configure:11253: $? = 0
configure:11253: result: yes
configure:11253: checking for fcntl.h
configure:11253: result: yes
configure:11253: checking sys/socket.h usability
configure:11253: gcc -c   conftest.c >&5
configure:11253: $? = 0
configure:11253: result: yes
configure:11253: checking sys/socket.h presence
configure:11253: gcc -E  conftest.c
configure:11253: $? = 0
configure:11253: result: yes
configure:11253: checking for sys/socket.h
configure:11253: result: yes
configure:11253: checking netinet/in.h usability
configure:11253: gcc -c   conftest.c >&5
configure:11253: $? = 0
configure:11253: result: yes
configure:11253: checking netinet/in.h presence
configure:11253: gcc -E  conftest.c
configure:11253: $? = 0
configure:11253: result: yes
configure:11253: checking for netinet/in.h
configure:11253: result: yes
configure:11253: checking netinet/tcp.h usability
configure:11253: gcc -c   conftest.c >&5
configure:11253: $? = 0
configure:11253: result: yes
configure:11253: checking netinet/tcp.h presence
configure:11253: gcc -E  conftest.c
configure:11253: $? = 0
configure:11253: result: yes
configure:11253: checking for netinet/tcp.h
configure:11253: result: yes
configure:11253: checking arpa/inet.h usability
configure:11253: gcc -c   conftest.c >&5
configure:11253: $? = 0
configure:11253: result: yes
configure:11253: checking arpa/inet.h presence
configure:11253: gcc -E  conftest.c
configure:11253: $? = 0
configure:11253: result: yes
configure:11253: checking for arpa/inet.h
configure:11253: result: yes
configure:11253: checking limits.h usability
configure:11253: gcc -c   conftest.c >&5
configure:11253: $? = 0
configure:11253: result: yes
configure:11253: checking limits.h presence
configure:11253: gcc -E  conftest.c
configure:11253: $? = 0
configure:11253: result: yes
configure:11253: checking for limits.h
configure:11253: result: yes
configure:11253: checking pthread.h usability
configure:11253: gcc -c   conftest.c >&5
configure:11253: $? = 0
configure:11253: result: yes
configure:11253: checking pthread.h presence
configure:11253: gcc -E  conftest.c
configure:11253: $? = 0
configure:11253: result: yes
configure:11253: checking for pthread.h
configure:11253: result: yes
configure:11253: checking signal.h usability
configure:11253: gcc -c   conftest.c >&5
configure:11253: $? = 0
configure:11253: result: yes
configure:11253: checking signal.h presence
configure:11253: gcc -E  conftest.c
configure:11253: $? = 0
configure:11253: result: yes
configure:11253: checking for signal.h
configure:11253: result: yes
configure:11253: checking windows.h usability
configure:11253: gcc -c   conftest.c >&5
conftest.c:77:21: error: windows.h: No such file or directory
configure:11253: $? = 1
configure: failed program was:
| /* confdefs.h */
| #define PACKAGE_NAME ""
| #define PACKAGE_TARNAME ""
| #define PACKAGE_VERSION ""
| #define PACKAGE_STRING ""
| #define PACKAGE_BUGREPORT ""
| #define PACKAGE_URL ""
| #define PACKAGE "fluidsynth"
| #define VERSION "1.1.5"
| #define STDC_HEADERS 1
| #define HAVE_SYS_TYPES_H 1
| #define HAVE_SYS_STAT_H 1
| #define HAVE_STDLIB_H 1
| #define HAVE_STRING_H 1
| #define HAVE_MEMORY_H 1
| #define HAVE_STRINGS_H 1
| #define HAVE_INTTYPES_H 1
| #define HAVE_STDINT_H 1
| #define HAVE_UNISTD_H 1
| #define HAVE_DLFCN_H 1
| #define LT_OBJDIR ".libs/"
| #define HAVE_LIBPTHREAD 1
| #define STDC_HEADERS 1
| #define HAVE_STRING_H 1
| #define HAVE_STDLIB_H 1
| #define HAVE_STDIO_H 1
| #define HAVE_MATH_H 1
| #define HAVE_ERRNO_H 1
| #define HAVE_STDARG_H 1
| #define HAVE_UNISTD_H 1
| #define HAVE_SYS_MMAN_H 1
| #define HAVE_SYS_TYPES_H 1
| #define HAVE_SYS_TIME_H 1
| #define HAVE_SYS_STAT_H 1
| #define HAVE_FCNTL_H 1
| #define HAVE_SYS_SOCKET_H 1
| #define HAVE_NETINET_IN_H 1
| #define HAVE_NETINET_TCP_H 1
| #define HAVE_ARPA_INET_H 1
| #define HAVE_LIMITS_H 1
| #define HAVE_PTHREAD_H 1
| #define HAVE_SIGNAL_H 1
| /* end confdefs.h.  */
| #include <stdio.h>
| #ifdef HAVE_SYS_TYPES_H
| # include <sys/types.h>
| #endif
| #ifdef HAVE_SYS_STAT_H
| # include <sys/stat.h>
| #endif
| #ifdef STDC_HEADERS
| # include <stdlib.h>
| # include <stddef.h>
| #else
| # ifdef HAVE_STDLIB_H
| #  include <stdlib.h>
| # endif
| #endif
| #ifdef HAVE_STRING_H
| # if !defined STDC_HEADERS && defined HAVE_MEMORY_H
| #  include <memory.h>
| # endif
| # include <string.h>
| #endif
| #ifdef HAVE_STRINGS_H
| # include <strings.h>
| #endif
| #ifdef HAVE_INTTYPES_H
| # include <inttypes.h>
| #endif
| #ifdef HAVE_STDINT_H
| # include <stdint.h>
| #endif
| #ifdef HAVE_UNISTD_H
| # include <unistd.h>
| #endif
| #include <windows.h>
configure:11253: result: no
configure:11253: checking windows.h presence
configure:11253: gcc -E  conftest.c
conftest.c:44:21: error: windows.h: No such file or directory
configure:11253: $? = 1
configure: failed program was:
| /* confdefs.h */
| #define PACKAGE_NAME ""
| #define PACKAGE_TARNAME ""
| #define PACKAGE_VERSION ""
| #define PACKAGE_STRING ""
| #define PACKAGE_BUGREPORT ""
| #define PACKAGE_URL ""
| #define PACKAGE "fluidsynth"
| #define VERSION "1.1.5"
| #define STDC_HEADERS 1
| #define HAVE_SYS_TYPES_H 1
| #define HAVE_SYS_STAT_H 1
| #define HAVE_STDLIB_H 1
| #define HAVE_STRING_H 1
| #define HAVE_MEMORY_H 1
| #define HAVE_STRINGS_H 1
| #define HAVE_INTTYPES_H 1
| #define HAVE_STDINT_H 1
| #define HAVE_UNISTD_H 1
| #define HAVE_DLFCN_H 1
| #define LT_OBJDIR ".libs/"
| #define HAVE_LIBPTHREAD 1
| #define STDC_HEADERS 1
| #define HAVE_STRING_H 1
| #define HAVE_STDLIB_H 1
| #define HAVE_STDIO_H 1
| #define HAVE_MATH_H 1
| #define HAVE_ERRNO_H 1
| #define HAVE_STDARG_H 1
| #define HAVE_UNISTD_H 1
| #define HAVE_SYS_MMAN_H 1
| #define HAVE_SYS_TYPES_H 1
| #define HAVE_SYS_TIME_H 1
| #define HAVE_SYS_STAT_H 1
| #define HAVE_FCNTL_H 1
| #define HAVE_SYS_SOCKET_H 1
| #define HAVE_NETINET_IN_H 1
| #define HAVE_NETINET_TCP_H 1
| #define HAVE_ARPA_INET_H 1
| #define HAVE_LIMITS_H 1
| #define HAVE_PTHREAD_H 1
| #define HAVE_SIGNAL_H 1
| /* end confdefs.h.  */
| #include <windows.h>
configure:11253: result: no
configure:11253: checking for windows.h
configure:11253: result: no
configure:11264: checking for inline
configure:11280: gcc -c   conftest.c >&5
configure:11280: $? = 0
configure:11288: result: inline
configure:11306: checking whether byte ordering is bigendian
configure:11321: gcc -c   conftest.c >&5
configure:11321: $? = 0
configure:11366: gcc -c   conftest.c >&5
configure:11366: $? = 0
configure:11384: gcc -c   conftest.c >&5
conftest.c: In function 'main':
conftest.c:51: error: 'not' undeclared (first use in this function)
conftest.c:51: error: (Each undeclared identifier is reported only once
conftest.c:51: error: for each function it appears in.)
conftest.c:51: error: expected ';' before 'big'
configure:11384: $? = 1
configure: failed program was:
| /* confdefs.h */
| #define PACKAGE_NAME ""
| #define PACKAGE_TARNAME ""
| #define PACKAGE_VERSION ""
| #define PACKAGE_STRING ""
| #define PACKAGE_BUGREPORT ""
| #define PACKAGE_URL ""
| #define PACKAGE "fluidsynth"
| #define VERSION "1.1.5"
| #define STDC_HEADERS 1
| #define HAVE_SYS_TYPES_H 1
| #define HAVE_SYS_STAT_H 1
| #define HAVE_STDLIB_H 1
| #define HAVE_STRING_H 1
| #define HAVE_MEMORY_H 1
| #define HAVE_STRINGS_H 1
| #define HAVE_INTTYPES_H 1
| #define HAVE_STDINT_H 1
| #define HAVE_UNISTD_H 1
| #define HAVE_DLFCN_H 1
| #define LT_OBJDIR ".libs/"
| #define HAVE_LIBPTHREAD 1
| #define STDC_HEADERS 1
| #define HAVE_STRING_H 1
| #define HAVE_STDLIB_H 1
| #define HAVE_STDIO_H 1
| #define HAVE_MATH_H 1
| #define HAVE_ERRNO_H 1
| #define HAVE_STDARG_H 1
| #define HAVE_UNISTD_H 1
| #define HAVE_SYS_MMAN_H 1
| #define HAVE_SYS_TYPES_H 1
| #define HAVE_SYS_TIME_H 1
| #define HAVE_SYS_STAT_H 1
| #define HAVE_FCNTL_H 1
| #define HAVE_SYS_SOCKET_H 1
| #define HAVE_NETINET_IN_H 1
| #define HAVE_NETINET_TCP_H 1
| #define HAVE_ARPA_INET_H 1
| #define HAVE_LIMITS_H 1
| #define HAVE_PTHREAD_H 1
| #define HAVE_SIGNAL_H 1
| /* end confdefs.h.  */
| #include <sys/types.h>
| 		#include <sys/param.h>
| 
| int
| main ()
| {
| #if BYTE_ORDER != BIG_ENDIAN
| 		 not big endian
| 		#endif
| 
|   ;
|   return 0;
| }
configure:11512: result: no
configure:11564: checking if the linker (/usr/llvm-gcc-4.2/libexec/gcc/i686-apple-darwin11/4.2.1/ld) is GNU ld
configure:11577: result: no
configure:11786: checking for pkg-config
configure:11804: found /usr/local/bin/pkg-config
configure:11816: result: /usr/local/bin/pkg-config
configure:11841: checking pkg-config is at least version 0.9.0
configure:11844: result: yes
configure:11854: checking for GLIB
configure:11861: $PKG_CONFIG --exists --print-errors "glib-2.0 >= 2.6.5 gthread-2.0 >= 2.6.5"
configure:11864: $? = 0
configure:11877: $PKG_CONFIG --exists --print-errors "glib-2.0 >= 2.6.5 gthread-2.0 >= 2.6.5"
configure:11880: $? = 0
configure:11937: result: yes
configure:11956: checking for DBUS
configure:11963: $PKG_CONFIG --exists --print-errors "dbus-1 >= 1.0.0"
Package dbus-1 was not found in the pkg-config search path.
Perhaps you should add the directory containing `dbus-1.pc'
to the PKG_CONFIG_PATH environment variable
No package 'dbus-1' found
configure:11966: $? = 1
configure:11979: $PKG_CONFIG --exists --print-errors "dbus-1 >= 1.0.0"
Package dbus-1 was not found in the pkg-config search path.
Perhaps you should add the directory containing `dbus-1.pc'
to the PKG_CONFIG_PATH environment variable
No package 'dbus-1' found
configure:11982: $? = 1
configure:11995: result: no
No package 'dbus-1' found
configure:12056: checking for LIBSNDFILE
configure:12063: $PKG_CONFIG --exists --print-errors "sndfile >= 1.0.0"
configure:12066: $? = 0
configure:12079: $PKG_CONFIG --exists --print-errors "sndfile >= 1.0.0"
configure:12082: $? = 0
configure:12119: result: yes
configure:12130: checking for LIBSNDFILE_VORBIS
configure:12137: $PKG_CONFIG --exists --print-errors "sndfile >= 1.0.18"
configure:12140: $? = 0
configure:12153: $PKG_CONFIG --exists --print-errors "sndfile >= 1.0.18"
configure:12156: $? = 0
configure:12193: result: yes
configure:12259: checking for PULSE
configure:12266: $PKG_CONFIG --exists --print-errors "libpulse-simple >= 0.9.8"
Package libpulse-simple was not found in the pkg-config search path.
Perhaps you should add the directory containing `libpulse-simple.pc'
to the PKG_CONFIG_PATH environment variable
No package 'libpulse-simple' found
configure:12269: $? = 1
configure:12282: $PKG_CONFIG --exists --print-errors "libpulse-simple >= 0.9.8"
Package libpulse-simple was not found in the pkg-config search path.
Perhaps you should add the directory containing `libpulse-simple.pc'
to the PKG_CONFIG_PATH environment variable
No package 'libpulse-simple' found
configure:12285: $? = 1
configure:12298: result: no
No package 'libpulse-simple' found
configure:12359: checking for ALSA
configure:12366: $PKG_CONFIG --exists --print-errors "alsa >= 0.9.1"
Package alsa was not found in the pkg-config search path.
Perhaps you should add the directory containing `alsa.pc'
to the PKG_CONFIG_PATH environment variable
No package 'alsa' found
configure:12369: $? = 1
configure:12382: $PKG_CONFIG --exists --print-errors "alsa >= 0.9.1"
Package alsa was not found in the pkg-config search path.
Perhaps you should add the directory containing `alsa.pc'
to the PKG_CONFIG_PATH environment variable
No package 'alsa' found
configure:12385: $? = 1
configure:12398: result: no
No package 'alsa' found
configure:12459: checking for PORTAUDIO
configure:12466: $PKG_CONFIG --exists --print-errors "portaudio-2.0 >= 19"
Package portaudio-2.0 was not found in the pkg-config search path.
Perhaps you should add the directory containing `portaudio-2.0.pc'
to the PKG_CONFIG_PATH environment variable
No package 'portaudio-2.0' found
configure:12469: $? = 1
configure:12482: $PKG_CONFIG --exists --print-errors "portaudio-2.0 >= 19"
Package portaudio-2.0 was not found in the pkg-config search path.
Perhaps you should add the directory containing `portaudio-2.0.pc'
to the PKG_CONFIG_PATH environment variable
No package 'portaudio-2.0' found
configure:12485: $? = 1
configure:12498: result: no
No package 'portaudio-2.0' found
configure:12562: checking for fcntl.h
configure:12562: result: yes
configure:12562: checking sys/ioctl.h usability
configure:12562: gcc -c   -O2 -fomit-frame-pointer -funroll-all-loops -finline-functions -Wall -W -Wpointer-arith -Wbad-function-cast -Wcast-qual -Wcast-align -Wstrict-prototypes -Winline -Wno-unused-parameter -Wno-cast-qual  conftest.c >&5
configure:12562: $? = 0
configure:12562: result: yes
configure:12562: checking sys/ioctl.h presence
configure:12562: gcc -E  conftest.c
configure:12562: $? = 0
configure:12562: result: yes
configure:12562: checking for sys/ioctl.h
configure:12562: result: yes
configure:12562: checking sys/soundcard.h usability
configure:12562: gcc -c   -O2 -fomit-frame-pointer -funroll-all-loops -finline-functions -Wall -W -Wpointer-arith -Wbad-function-cast -Wcast-qual -Wcast-align -Wstrict-prototypes -Winline -Wno-unused-parameter -Wno-cast-qual  conftest.c >&5
conftest.c:85:27: error: sys/soundcard.h: No such file or directory
configure:12562: $? = 1
configure: failed program was:
| /* confdefs.h */
| #define PACKAGE_NAME ""
| #define PACKAGE_TARNAME ""
| #define PACKAGE_VERSION ""
| #define PACKAGE_STRING ""
| #define PACKAGE_BUGREPORT ""
| #define PACKAGE_URL ""
| #define PACKAGE "fluidsynth"
| #define VERSION "1.1.5"
| #define STDC_HEADERS 1
| #define HAVE_SYS_TYPES_H 1
| #define HAVE_SYS_STAT_H 1
| #define HAVE_STDLIB_H 1
| #define HAVE_STRING_H 1
| #define HAVE_MEMORY_H 1
| #define HAVE_STRINGS_H 1
| #define HAVE_INTTYPES_H 1
| #define HAVE_STDINT_H 1
| #define HAVE_UNISTD_H 1
| #define HAVE_DLFCN_H 1
| #define LT_OBJDIR ".libs/"
| #define HAVE_LIBPTHREAD 1
| #define STDC_HEADERS 1
| #define HAVE_STRING_H 1
| #define HAVE_STDLIB_H 1
| #define HAVE_STDIO_H 1
| #define HAVE_MATH_H 1
| #define HAVE_ERRNO_H 1
| #define HAVE_STDARG_H 1
| #define HAVE_UNISTD_H 1
| #define HAVE_SYS_MMAN_H 1
| #define HAVE_SYS_TYPES_H 1
| #define HAVE_SYS_TIME_H 1
| #define HAVE_SYS_STAT_H 1
| #define HAVE_FCNTL_H 1
| #define HAVE_SYS_SOCKET_H 1
| #define HAVE_NETINET_IN_H 1
| #define HAVE_NETINET_TCP_H 1
| #define HAVE_ARPA_INET_H 1
| #define HAVE_LIMITS_H 1
| #define HAVE_PTHREAD_H 1
| #define HAVE_SIGNAL_H 1
| #define DARWIN 1
| #define WITH_FLOAT 1
| #define DEBUG 0
| #define LIBSNDFILE_SUPPORT 1
| #define LIBSNDFILE_HASVORBIS 1
| #define AUFILE_SUPPORT 1
| #define HAVE_FCNTL_H 1
| #define HAVE_SYS_IOCTL_H 1
| /* end confdefs.h.  */
| #include <stdio.h>
| #ifdef HAVE_SYS_TYPES_H
| # include <sys/types.h>
| #endif
| #ifdef HAVE_SYS_STAT_H
| # include <sys/stat.h>
| #endif
| #ifdef STDC_HEADERS
| # include <stdlib.h>
| # include <stddef.h>
| #else
| # ifdef HAVE_STDLIB_H
| #  include <stdlib.h>
| # endif
| #endif
| #ifdef HAVE_STRING_H
| # if !defined STDC_HEADERS && defined HAVE_MEMORY_H
| #  include <memory.h>
| # endif
| # include <string.h>
| #endif
| #ifdef HAVE_STRINGS_H
| # include <strings.h>
| #endif
| #ifdef HAVE_INTTYPES_H
| # include <inttypes.h>
| #endif
| #ifdef HAVE_STDINT_H
| # include <stdint.h>
| #endif
| #ifdef HAVE_UNISTD_H
| # include <unistd.h>
| #endif
| #include <sys/soundcard.h>
configure:12562: result: no
configure:12562: checking sys/soundcard.h presence
configure:12562: gcc -E  conftest.c
conftest.c:52:27: error: sys/soundcard.h: No such file or directory
configure:12562: $? = 1
configure: failed program was:
| /* confdefs.h */
| #define PACKAGE_NAME ""
| #define PACKAGE_TARNAME ""
| #define PACKAGE_VERSION ""
| #define PACKAGE_STRING ""
| #define PACKAGE_BUGREPORT ""
| #define PACKAGE_URL ""
| #define PACKAGE "fluidsynth"
| #define VERSION "1.1.5"
| #define STDC_HEADERS 1
| #define HAVE_SYS_TYPES_H 1
| #define HAVE_SYS_STAT_H 1
| #define HAVE_STDLIB_H 1
| #define HAVE_STRING_H 1
| #define HAVE_MEMORY_H 1
| #define HAVE_STRINGS_H 1
| #define HAVE_INTTYPES_H 1
| #define HAVE_STDINT_H 1
| #define HAVE_UNISTD_H 1
| #define HAVE_DLFCN_H 1
| #define LT_OBJDIR ".libs/"
| #define HAVE_LIBPTHREAD 1
| #define STDC_HEADERS 1
| #define HAVE_STRING_H 1
| #define HAVE_STDLIB_H 1
| #define HAVE_STDIO_H 1
| #define HAVE_MATH_H 1
| #define HAVE_ERRNO_H 1
| #define HAVE_STDARG_H 1
| #define HAVE_UNISTD_H 1
| #define HAVE_SYS_MMAN_H 1
| #define HAVE_SYS_TYPES_H 1
| #define HAVE_SYS_TIME_H 1
| #define HAVE_SYS_STAT_H 1
| #define HAVE_FCNTL_H 1
| #define HAVE_SYS_SOCKET_H 1
| #define HAVE_NETINET_IN_H 1
| #define HAVE_NETINET_TCP_H 1
| #define HAVE_ARPA_INET_H 1
| #define HAVE_LIMITS_H 1
| #define HAVE_PTHREAD_H 1
| #define HAVE_SIGNAL_H 1
| #define DARWIN 1
| #define WITH_FLOAT 1
| #define DEBUG 0
| #define LIBSNDFILE_SUPPORT 1
| #define LIBSNDFILE_HASVORBIS 1
| #define AUFILE_SUPPORT 1
| #define HAVE_FCNTL_H 1
| #define HAVE_SYS_IOCTL_H 1
| /* end confdefs.h.  */
| #include <sys/soundcard.h>
configure:12562: result: no
configure:12562: checking for sys/soundcard.h
configure:12562: result: no
configure:12562: checking machine/soundcard.h usability
configure:12562: gcc -c   -O2 -fomit-frame-pointer -funroll-all-loops -finline-functions -Wall -W -Wpointer-arith -Wbad-function-cast -Wcast-qual -Wcast-align -Wstrict-prototypes -Winline -Wno-unused-parameter -Wno-cast-qual  conftest.c >&5
conftest.c:85:31: error: machine/soundcard.h: No such file or directory
configure:12562: $? = 1
configure: failed program was:
| /* confdefs.h */
| #define PACKAGE_NAME ""
| #define PACKAGE_TARNAME ""
| #define PACKAGE_VERSION ""
| #define PACKAGE_STRING ""
| #define PACKAGE_BUGREPORT ""
| #define PACKAGE_URL ""
| #define PACKAGE "fluidsynth"
| #define VERSION "1.1.5"
| #define STDC_HEADERS 1
| #define HAVE_SYS_TYPES_H 1
| #define HAVE_SYS_STAT_H 1
| #define HAVE_STDLIB_H 1
| #define HAVE_STRING_H 1
| #define HAVE_MEMORY_H 1
| #define HAVE_STRINGS_H 1
| #define HAVE_INTTYPES_H 1
| #define HAVE_STDINT_H 1
| #define HAVE_UNISTD_H 1
| #define HAVE_DLFCN_H 1
| #define LT_OBJDIR ".libs/"
| #define HAVE_LIBPTHREAD 1
| #define STDC_HEADERS 1
| #define HAVE_STRING_H 1
| #define HAVE_STDLIB_H 1
| #define HAVE_STDIO_H 1
| #define HAVE_MATH_H 1
| #define HAVE_ERRNO_H 1
| #define HAVE_STDARG_H 1
| #define HAVE_UNISTD_H 1
| #define HAVE_SYS_MMAN_H 1
| #define HAVE_SYS_TYPES_H 1
| #define HAVE_SYS_TIME_H 1
| #define HAVE_SYS_STAT_H 1
| #define HAVE_FCNTL_H 1
| #define HAVE_SYS_SOCKET_H 1
| #define HAVE_NETINET_IN_H 1
| #define HAVE_NETINET_TCP_H 1
| #define HAVE_ARPA_INET_H 1
| #define HAVE_LIMITS_H 1
| #define HAVE_PTHREAD_H 1
| #define HAVE_SIGNAL_H 1
| #define DARWIN 1
| #define WITH_FLOAT 1
| #define DEBUG 0
| #define LIBSNDFILE_SUPPORT 1
| #define LIBSNDFILE_HASVORBIS 1
| #define AUFILE_SUPPORT 1
| #define HAVE_FCNTL_H 1
| #define HAVE_SYS_IOCTL_H 1
| /* end confdefs.h.  */
| #include <stdio.h>
| #ifdef HAVE_SYS_TYPES_H
| # include <sys/types.h>
| #endif
| #ifdef HAVE_SYS_STAT_H
| # include <sys/stat.h>
| #endif
| #ifdef STDC_HEADERS
| # include <stdlib.h>
| # include <stddef.h>
| #else
| # ifdef HAVE_STDLIB_H
| #  include <stdlib.h>
| # endif
| #endif
| #ifdef HAVE_STRING_H
| # if !defined STDC_HEADERS && defined HAVE_MEMORY_H
| #  include <memory.h>
| # endif
| # include <string.h>
| #endif
| #ifdef HAVE_STRINGS_H
| # include <strings.h>
| #endif
| #ifdef HAVE_INTTYPES_H
| # include <inttypes.h>
| #endif
| #ifdef HAVE_STDINT_H
| # include <stdint.h>
| #endif
| #ifdef HAVE_UNISTD_H
| # include <unistd.h>
| #endif
| #include <machine/soundcard.h>
configure:12562: result: no
configure:12562: checking machine/soundcard.h presence
configure:12562: gcc -E  conftest.c
conftest.c:52:31: error: machine/soundcard.h: No such file or directory
configure:12562: $? = 1
configure: failed program was:
| /* confdefs.h */
| #define PACKAGE_NAME ""
| #define PACKAGE_TARNAME ""
| #define PACKAGE_VERSION ""
| #define PACKAGE_STRING ""
| #define PACKAGE_BUGREPORT ""
| #define PACKAGE_URL ""
| #define PACKAGE "fluidsynth"
| #define VERSION "1.1.5"
| #define STDC_HEADERS 1
| #define HAVE_SYS_TYPES_H 1
| #define HAVE_SYS_STAT_H 1
| #define HAVE_STDLIB_H 1
| #define HAVE_STRING_H 1
| #define HAVE_MEMORY_H 1
| #define HAVE_STRINGS_H 1
| #define HAVE_INTTYPES_H 1
| #define HAVE_STDINT_H 1
| #define HAVE_UNISTD_H 1
| #define HAVE_DLFCN_H 1
| #define LT_OBJDIR ".libs/"
| #define HAVE_LIBPTHREAD 1
| #define STDC_HEADERS 1
| #define HAVE_STRING_H 1
| #define HAVE_STDLIB_H 1
| #define HAVE_STDIO_H 1
| #define HAVE_MATH_H 1
| #define HAVE_ERRNO_H 1
| #define HAVE_STDARG_H 1
| #define HAVE_UNISTD_H 1
| #define HAVE_SYS_MMAN_H 1
| #define HAVE_SYS_TYPES_H 1
| #define HAVE_SYS_TIME_H 1
| #define HAVE_SYS_STAT_H 1
| #define HAVE_FCNTL_H 1
| #define HAVE_SYS_SOCKET_H 1
| #define HAVE_NETINET_IN_H 1
| #define HAVE_NETINET_TCP_H 1
| #define HAVE_ARPA_INET_H 1
| #define HAVE_LIMITS_H 1
| #define HAVE_PTHREAD_H 1
| #define HAVE_SIGNAL_H 1
| #define DARWIN 1
| #define WITH_FLOAT 1
| #define DEBUG 0
| #define LIBSNDFILE_SUPPORT 1
| #define LIBSNDFILE_HASVORBIS 1
| #define AUFILE_SUPPORT 1
| #define HAVE_FCNTL_H 1
| #define HAVE_SYS_IOCTL_H 1
| /* end confdefs.h.  */
| #include <machine/soundcard.h>
configure:12562: result: no
configure:12562: checking for machine/soundcard.h
configure:12562: result: no
configure:12581: WARNING:  *** Could not find soundcard.h, disabling OSS driver
configure:12612: checking MidiShare.h usability
configure:12612: gcc -c   -O2 -fomit-frame-pointer -funroll-all-loops -finline-functions -Wall -W -Wpointer-arith -Wbad-function-cast -Wcast-qual -Wcast-align -Wstrict-prototypes -Winline -Wno-unused-parameter -Wno-cast-qual  conftest.c >&5
conftest.c:85:23: error: MidiShare.h: No such file or directory
configure:12612: $? = 1
configure: failed program was:
| /* confdefs.h */
| #define PACKAGE_NAME ""
| #define PACKAGE_TARNAME ""
| #define PACKAGE_VERSION ""
| #define PACKAGE_STRING ""
| #define PACKAGE_BUGREPORT ""
| #define PACKAGE_URL ""
| #define PACKAGE "fluidsynth"
| #define VERSION "1.1.5"
| #define STDC_HEADERS 1
| #define HAVE_SYS_TYPES_H 1
| #define HAVE_SYS_STAT_H 1
| #define HAVE_STDLIB_H 1
| #define HAVE_STRING_H 1
| #define HAVE_MEMORY_H 1
| #define HAVE_STRINGS_H 1
| #define HAVE_INTTYPES_H 1
| #define HAVE_STDINT_H 1
| #define HAVE_UNISTD_H 1
| #define HAVE_DLFCN_H 1
| #define LT_OBJDIR ".libs/"
| #define HAVE_LIBPTHREAD 1
| #define STDC_HEADERS 1
| #define HAVE_STRING_H 1
| #define HAVE_STDLIB_H 1
| #define HAVE_STDIO_H 1
| #define HAVE_MATH_H 1
| #define HAVE_ERRNO_H 1
| #define HAVE_STDARG_H 1
| #define HAVE_UNISTD_H 1
| #define HAVE_SYS_MMAN_H 1
| #define HAVE_SYS_TYPES_H 1
| #define HAVE_SYS_TIME_H 1
| #define HAVE_SYS_STAT_H 1
| #define HAVE_FCNTL_H 1
| #define HAVE_SYS_SOCKET_H 1
| #define HAVE_NETINET_IN_H 1
| #define HAVE_NETINET_TCP_H 1
| #define HAVE_ARPA_INET_H 1
| #define HAVE_LIMITS_H 1
| #define HAVE_PTHREAD_H 1
| #define HAVE_SIGNAL_H 1
| #define DARWIN 1
| #define WITH_FLOAT 1
| #define DEBUG 0
| #define LIBSNDFILE_SUPPORT 1
| #define LIBSNDFILE_HASVORBIS 1
| #define AUFILE_SUPPORT 1
| #define HAVE_FCNTL_H 1
| #define HAVE_SYS_IOCTL_H 1
| /* end confdefs.h.  */
| #include <stdio.h>
| #ifdef HAVE_SYS_TYPES_H
| # include <sys/types.h>
| #endif
| #ifdef HAVE_SYS_STAT_H
| # include <sys/stat.h>
| #endif
| #ifdef STDC_HEADERS
| # include <stdlib.h>
| # include <stddef.h>
| #else
| # ifdef HAVE_STDLIB_H
| #  include <stdlib.h>
| # endif
| #endif
| #ifdef HAVE_STRING_H
| # if !defined STDC_HEADERS && defined HAVE_MEMORY_H
| #  include <memory.h>
| # endif
| # include <string.h>
| #endif
| #ifdef HAVE_STRINGS_H
| # include <strings.h>
| #endif
| #ifdef HAVE_INTTYPES_H
| # include <inttypes.h>
| #endif
| #ifdef HAVE_STDINT_H
| # include <stdint.h>
| #endif
| #ifdef HAVE_UNISTD_H
| # include <unistd.h>
| #endif
| #include <MidiShare.h>
configure:12612: result: no
configure:12612: checking MidiShare.h presence
configure:12612: gcc -E  conftest.c
conftest.c:52:23: error: MidiShare.h: No such file or directory
configure:12612: $? = 1
configure: failed program was:
| /* confdefs.h */
| #define PACKAGE_NAME ""
| #define PACKAGE_TARNAME ""
| #define PACKAGE_VERSION ""
| #define PACKAGE_STRING ""
| #define PACKAGE_BUGREPORT ""
| #define PACKAGE_URL ""
| #define PACKAGE "fluidsynth"
| #define VERSION "1.1.5"
| #define STDC_HEADERS 1
| #define HAVE_SYS_TYPES_H 1
| #define HAVE_SYS_STAT_H 1
| #define HAVE_STDLIB_H 1
| #define HAVE_STRING_H 1
| #define HAVE_MEMORY_H 1
| #define HAVE_STRINGS_H 1
| #define HAVE_INTTYPES_H 1
| #define HAVE_STDINT_H 1
| #define HAVE_UNISTD_H 1
| #define HAVE_DLFCN_H 1
| #define LT_OBJDIR ".libs/"
| #define HAVE_LIBPTHREAD 1
| #define STDC_HEADERS 1
| #define HAVE_STRING_H 1
| #define HAVE_STDLIB_H 1
| #define HAVE_STDIO_H 1
| #define HAVE_MATH_H 1
| #define HAVE_ERRNO_H 1
| #define HAVE_STDARG_H 1
| #define HAVE_UNISTD_H 1
| #define HAVE_SYS_MMAN_H 1
| #define HAVE_SYS_TYPES_H 1
| #define HAVE_SYS_TIME_H 1
| #define HAVE_SYS_STAT_H 1
| #define HAVE_FCNTL_H 1
| #define HAVE_SYS_SOCKET_H 1
| #define HAVE_NETINET_IN_H 1
| #define HAVE_NETINET_TCP_H 1
| #define HAVE_ARPA_INET_H 1
| #define HAVE_LIMITS_H 1
| #define HAVE_PTHREAD_H 1
| #define HAVE_SIGNAL_H 1
| #define DARWIN 1
| #define WITH_FLOAT 1
| #define DEBUG 0
| #define LIBSNDFILE_SUPPORT 1
| #define LIBSNDFILE_HASVORBIS 1
| #define AUFILE_SUPPORT 1
| #define HAVE_FCNTL_H 1
| #define HAVE_SYS_IOCTL_H 1
| /* end confdefs.h.  */
| #include <MidiShare.h>
configure:12612: result: no
configure:12612: checking for MidiShare.h
configure:12612: result: no
configure:12688: WARNING:  *** Could not find MidiShare.h, disabling MidiShare driver
configure:12704: checking for JACK
configure:12711: $PKG_CONFIG --exists --print-errors "jack"
configure:12714: $? = 0
configure:12727: $PKG_CONFIG --exists --print-errors "jack"
configure:12730: $? = 0
configure:12767: result: yes
configure:12792: checking CoreAudio/AudioHardware.h usability
configure:12792: gcc -c   -O2 -fomit-frame-pointer -funroll-all-loops -finline-functions -Wall -W -Wpointer-arith -Wbad-function-cast -Wcast-qual -Wcast-align -Wstrict-prototypes -Winline -Wno-unused-parameter -Wno-cast-qual  conftest.c >&5
configure:12792: $? = 0
configure:12792: result: yes
configure:12792: checking CoreAudio/AudioHardware.h presence
configure:12792: gcc -E  conftest.c
configure:12792: $? = 0
configure:12792: result: yes
configure:12792: checking for CoreAudio/AudioHardware.h
configure:12792: result: yes
configure:12827: checking CoreMIDI/MIDIServices.h usability
configure:12827: gcc -c   -O2 -fomit-frame-pointer -funroll-all-loops -finline-functions -Wall -W -Wpointer-arith -Wbad-function-cast -Wcast-qual -Wcast-align -Wstrict-prototypes -Winline -Wno-unused-parameter -Wno-cast-qual  conftest.c >&5
configure:12827: $? = 0
configure:12827: result: yes
configure:12827: checking CoreMIDI/MIDIServices.h presence
configure:12827: gcc -E  conftest.c
configure:12827: $? = 0
configure:12827: result: yes
configure:12827: checking for CoreMIDI/MIDIServices.h
configure:12827: result: yes
configure:12861: checking for os2me.h
configure:12861: gcc -E  conftest.c
conftest.c:55:19: error: os2me.h: No such file or directory
configure:12861: $? = 1
configure: failed program was:
| /* confdefs.h */
| #define PACKAGE_NAME ""
| #define PACKAGE_TARNAME ""
| #define PACKAGE_VERSION ""
| #define PACKAGE_STRING ""
| #define PACKAGE_BUGREPORT ""
| #define PACKAGE_URL ""
| #define PACKAGE "fluidsynth"
| #define VERSION "1.1.5"
| #define STDC_HEADERS 1
| #define HAVE_SYS_TYPES_H 1
| #define HAVE_SYS_STAT_H 1
| #define HAVE_STDLIB_H 1
| #define HAVE_STRING_H 1
| #define HAVE_MEMORY_H 1
| #define HAVE_STRINGS_H 1
| #define HAVE_INTTYPES_H 1
| #define HAVE_STDINT_H 1
| #define HAVE_UNISTD_H 1
| #define HAVE_DLFCN_H 1
| #define LT_OBJDIR ".libs/"
| #define HAVE_LIBPTHREAD 1
| #define STDC_HEADERS 1
| #define HAVE_STRING_H 1
| #define HAVE_STDLIB_H 1
| #define HAVE_STDIO_H 1
| #define HAVE_MATH_H 1
| #define HAVE_ERRNO_H 1
| #define HAVE_STDARG_H 1
| #define HAVE_UNISTD_H 1
| #define HAVE_SYS_MMAN_H 1
| #define HAVE_SYS_TYPES_H 1
| #define HAVE_SYS_TIME_H 1
| #define HAVE_SYS_STAT_H 1
| #define HAVE_FCNTL_H 1
| #define HAVE_SYS_SOCKET_H 1
| #define HAVE_NETINET_IN_H 1
| #define HAVE_NETINET_TCP_H 1
| #define HAVE_ARPA_INET_H 1
| #define HAVE_LIMITS_H 1
| #define HAVE_PTHREAD_H 1
| #define HAVE_SIGNAL_H 1
| #define DARWIN 1
| #define WITH_FLOAT 1
| #define DEBUG 0
| #define LIBSNDFILE_SUPPORT 1
| #define LIBSNDFILE_HASVORBIS 1
| #define AUFILE_SUPPORT 1
| #define HAVE_FCNTL_H 1
| #define HAVE_SYS_IOCTL_H 1
| #define JACK_SUPPORT 1
| #define COREAUDIO_SUPPORT 1
| #define COREMIDI_SUPPORT 1
| /* end confdefs.h.  */
| #include <os2me.h>
configure:12861: result: no
configure:12919: checking for readline
configure:12954: gcc -c    -O2 -fomit-frame-pointer -funroll-all-loops -finline-functions -Wall -W -Wpointer-arith -Wbad-function-cast -Wcast-qual -Wcast-align -Wstrict-prototypes -Winline -Wno-unused-parameter -Wno-cast-qual  conftest.c >&5
conftest.c:61: warning: function declaration isn't a prototype
configure:12954: $? = 0
configure:12955: result: found.
configure:12988: checking for tgetent in -lmytinfo
configure:13013: gcc -o conftest   -O2 -fomit-frame-pointer -funroll-all-loops -finline-functions -Wall -W -Wpointer-arith -Wbad-function-cast -Wcast-qual -Wcast-align -Wstrict-prototypes -Winline -Wno-unused-parameter -Wno-cast-qual   conftest.c -lmytinfo  -lpthread  >&5
conftest.c:62: warning: function declaration isn't a prototype
conftest.c:65: warning: function declaration isn't a prototype
ld: library not found for -lmytinfo
collect2: ld returned 1 exit status
configure:13013: $? = 1
configure: failed program was:
| /* confdefs.h */
| #define PACKAGE_NAME ""
| #define PACKAGE_TARNAME ""
| #define PACKAGE_VERSION ""
| #define PACKAGE_STRING ""
| #define PACKAGE_BUGREPORT ""
| #define PACKAGE_URL ""
| #define PACKAGE "fluidsynth"
| #define VERSION "1.1.5"
| #define STDC_HEADERS 1
| #define HAVE_SYS_TYPES_H 1
| #define HAVE_SYS_STAT_H 1
| #define HAVE_STDLIB_H 1
| #define HAVE_STRING_H 1
| #define HAVE_MEMORY_H 1
| #define HAVE_STRINGS_H 1
| #define HAVE_INTTYPES_H 1
| #define HAVE_STDINT_H 1
| #define HAVE_UNISTD_H 1
| #define HAVE_DLFCN_H 1
| #define LT_OBJDIR ".libs/"
| #define HAVE_LIBPTHREAD 1
| #define STDC_HEADERS 1
| #define HAVE_STRING_H 1
| #define HAVE_STDLIB_H 1
| #define HAVE_STDIO_H 1
| #define HAVE_MATH_H 1
| #define HAVE_ERRNO_H 1
| #define HAVE_STDARG_H 1
| #define HAVE_UNISTD_H 1
| #define HAVE_SYS_MMAN_H 1
| #define HAVE_SYS_TYPES_H 1
| #define HAVE_SYS_TIME_H 1
| #define HAVE_SYS_STAT_H 1
| #define HAVE_FCNTL_H 1
| #define HAVE_SYS_SOCKET_H 1
| #define HAVE_NETINET_IN_H 1
| #define HAVE_NETINET_TCP_H 1
| #define HAVE_ARPA_INET_H 1
| #define HAVE_LIMITS_H 1
| #define HAVE_PTHREAD_H 1
| #define HAVE_SIGNAL_H 1
| #define DARWIN 1
| #define WITH_FLOAT 1
| #define DEBUG 0
| #define LIBSNDFILE_SUPPORT 1
| #define LIBSNDFILE_HASVORBIS 1
| #define AUFILE_SUPPORT 1
| #define HAVE_FCNTL_H 1
| #define HAVE_SYS_IOCTL_H 1
| #define JACK_SUPPORT 1
| #define COREAUDIO_SUPPORT 1
| #define COREMIDI_SUPPORT 1
| /* end confdefs.h.  */
| 
| /* Override any GCC internal prototype to avoid an error.
|    Use char because int might match the return type of a GCC
|    builtin and then its argument prototype would still apply.  */
| #ifdef __cplusplus
| extern "C"
| #endif
| char tgetent ();
| int
| main ()
| {
| return tgetent ();
|   ;
|   return 0;
| }
configure:13023: result: no
configure:12988: checking for tgetent in -lncurses
configure:13013: gcc -o conftest   -O2 -fomit-frame-pointer -funroll-all-loops -finline-functions -Wall -W -Wpointer-arith -Wbad-function-cast -Wcast-qual -Wcast-align -Wstrict-prototypes -Winline -Wno-unused-parameter -Wno-cast-qual   conftest.c -lncurses  -lpthread  >&5
conftest.c:62: warning: function declaration isn't a prototype
conftest.c:65: warning: function declaration isn't a prototype
configure:13013: $? = 0
configure:13023: result: yes
configure:13050: checking for LASH
configure:13057: $PKG_CONFIG --exists --print-errors "lash-1.0 >= 0.3"
Package lash-1.0 was not found in the pkg-config search path.
Perhaps you should add the directory containing `lash-1.0.pc'
to the PKG_CONFIG_PATH environment variable
No package 'lash-1.0' found
configure:13060: $? = 1
configure:13073: $PKG_CONFIG --exists --print-errors "lash-1.0 >= 0.3"
Package lash-1.0 was not found in the pkg-config search path.
Perhaps you should add the directory containing `lash-1.0.pc'
to the PKG_CONFIG_PATH environment variable
No package 'lash-1.0' found
configure:13076: $? = 1
configure:13089: result: no
No package 'lash-1.0' found
configure:13148: checking for LADCCA
configure:13155: $PKG_CONFIG --exists --print-errors "ladcca-1.0 >= 0.3"
Package ladcca-1.0 was not found in the pkg-config search path.
Perhaps you should add the directory containing `ladcca-1.0.pc'
to the PKG_CONFIG_PATH environment variable
No package 'ladcca-1.0' found
configure:13158: $? = 1
configure:13171: $PKG_CONFIG --exists --print-errors "ladcca-1.0 >= 0.3"
Package ladcca-1.0 was not found in the pkg-config search path.
Perhaps you should add the directory containing `ladcca-1.0.pc'
to the PKG_CONFIG_PATH environment variable
No package 'ladcca-1.0' found
configure:13174: $? = 1
configure:13187: result: no
No package 'ladcca-1.0' found
configure:13419: creating ./config.status

## ---------------------- ##
## Running config.status. ##
## ---------------------- ##

This file was extended by config.status, which was
generated by GNU Autoconf 2.67.  Invocation command line was

  CONFIG_FILES    = 
  CONFIG_HEADERS  = 
  CONFIG_LINKS    = 
  CONFIG_COMMANDS = 
  $ ./config.status 

on e7mac.stanford.edu

config.status:1181: creating Makefile
config.status:1181: creating cmake_admin/Makefile
config.status:1181: creating src/Makefile
config.status:1181: creating src/config_win32.h
config.status:1181: creating doc/Makefile
config.status:1181: creating include/Makefile
config.status:1181: creating include/fluidsynth/Makefile
config.status:1181: creating include/fluidsynth/version.h
config.status:1181: creating fluidsynth.pc
config.status:1181: creating fluidsynth.spec
config.status:1181: creating src/config.h
config.status:1409: executing depfiles commands
config.status:1409: executing libtool commands

## ---------------- ##
## Cache variables. ##
## ---------------- ##

ac_cv_build=x86_64-apple-darwin11.2.0
ac_cv_c_bigendian=no
ac_cv_c_compiler_gnu=yes
ac_cv_c_inline=inline
ac_cv_env_ALSA_CFLAGS_set=
ac_cv_env_ALSA_CFLAGS_value=
ac_cv_env_ALSA_LIBS_set=
ac_cv_env_ALSA_LIBS_value=
ac_cv_env_CC_set=
ac_cv_env_CC_value=
ac_cv_env_CFLAGS_set=
ac_cv_env_CFLAGS_value=
ac_cv_env_CPPFLAGS_set=
ac_cv_env_CPPFLAGS_value=
ac_cv_env_CPP_set=
ac_cv_env_CPP_value=
ac_cv_env_DBUS_CFLAGS_set=
ac_cv_env_DBUS_CFLAGS_value=
ac_cv_env_DBUS_LIBS_set=
ac_cv_env_DBUS_LIBS_value=
ac_cv_env_GLIB_CFLAGS_set=
ac_cv_env_GLIB_CFLAGS_value=
ac_cv_env_GLIB_LIBS_set=
ac_cv_env_GLIB_LIBS_value=
ac_cv_env_JACK_CFLAGS_set=
ac_cv_env_JACK_CFLAGS_value=
ac_cv_env_JACK_LIBS_set=
ac_cv_env_JACK_LIBS_value=
ac_cv_env_LADCCA_CFLAGS_set=
ac_cv_env_LADCCA_CFLAGS_value=
ac_cv_env_LADCCA_LIBS_set=
ac_cv_env_LADCCA_LIBS_value=
ac_cv_env_LASH_CFLAGS_set=
ac_cv_env_LASH_CFLAGS_value=
ac_cv_env_LASH_LIBS_set=
ac_cv_env_LASH_LIBS_value=
ac_cv_env_LDFLAGS_set=
ac_cv_env_LDFLAGS_value=
ac_cv_env_LIBSNDFILE_CFLAGS_set=
ac_cv_env_LIBSNDFILE_CFLAGS_value=
ac_cv_env_LIBSNDFILE_LIBS_set=
ac_cv_env_LIBSNDFILE_LIBS_value=
ac_cv_env_LIBSNDFILE_VORBIS_CFLAGS_set=
ac_cv_env_LIBSNDFILE_VORBIS_CFLAGS_value=
ac_cv_env_LIBSNDFILE_VORBIS_LIBS_set=
ac_cv_env_LIBSNDFILE_VORBIS_LIBS_value=
ac_cv_env_LIBS_set=
ac_cv_env_LIBS_value=
ac_cv_env_PKG_CONFIG_LIBDIR_set=
ac_cv_env_PKG_CONFIG_LIBDIR_value=
ac_cv_env_PKG_CONFIG_PATH_set=
ac_cv_env_PKG_CONFIG_PATH_value=
ac_cv_env_PKG_CONFIG_set=
ac_cv_env_PKG_CONFIG_value=
ac_cv_env_PORTAUDIO_CFLAGS_set=
ac_cv_env_PORTAUDIO_CFLAGS_value=
ac_cv_env_PORTAUDIO_LIBS_set=
ac_cv_env_PORTAUDIO_LIBS_value=
ac_cv_env_PULSE_CFLAGS_set=
ac_cv_env_PULSE_CFLAGS_value=
ac_cv_env_PULSE_LIBS_set=
ac_cv_env_PULSE_LIBS_value=
ac_cv_env_build_alias_set=
ac_cv_env_build_alias_value=
ac_cv_env_host_alias_set=
ac_cv_env_host_alias_value=
ac_cv_env_target_alias_set=
ac_cv_env_target_alias_value=
ac_cv_header_CoreAudio_AudioHardware_h=yes
ac_cv_header_CoreMIDI_MIDIServices_h=yes
ac_cv_header_MidiShare_h=no
ac_cv_header_arpa_inet_h=yes
ac_cv_header_dlfcn_h=yes
ac_cv_header_errno_h=yes
ac_cv_header_fcntl_h=yes
ac_cv_header_inttypes_h=yes
ac_cv_header_limits_h=yes
ac_cv_header_machine_soundcard_h=no
ac_cv_header_math_h=yes
ac_cv_header_memory_h=yes
ac_cv_header_netinet_in_h=yes
ac_cv_header_netinet_tcp_h=yes
ac_cv_header_os2me_h=no
ac_cv_header_pthread_h=yes
ac_cv_header_signal_h=yes
ac_cv_header_stdarg_h=yes
ac_cv_header_stdc=yes
ac_cv_header_stdint_h=yes
ac_cv_header_stdio_h=yes
ac_cv_header_stdlib_h=yes
ac_cv_header_string_h=yes
ac_cv_header_strings_h=yes
ac_cv_header_sys_ioctl_h=yes
ac_cv_header_sys_mman_h=yes
ac_cv_header_sys_socket_h=yes
ac_cv_header_sys_soundcard_h=no
ac_cv_header_sys_stat_h=yes
ac_cv_header_sys_time_h=yes
ac_cv_header_sys_types_h=yes
ac_cv_header_unistd_h=yes
ac_cv_header_windows_h=no
ac_cv_host=x86_64-apple-darwin11.2.0
ac_cv_lib_mytinfo___tgetent=no
ac_cv_lib_ncurses___tgetent=yes
ac_cv_lib_pthread_pthread_create=yes
ac_cv_objext=o
ac_cv_path_EGREP='/usr/bin/grep -E'
ac_cv_path_FGREP='/usr/bin/grep -F'
ac_cv_path_GREP=/usr/bin/grep
ac_cv_path_SED=/usr/bin/sed
ac_cv_path_ac_pt_PKG_CONFIG=/usr/local/bin/pkg-config
ac_cv_path_install='/usr/bin/install -c'
ac_cv_prog_AWK=awk
ac_cv_prog_CPP='gcc -E'
ac_cv_prog_ac_ct_AR=ar
ac_cv_prog_ac_ct_CC=gcc
ac_cv_prog_ac_ct_DSYMUTIL=dsymutil
ac_cv_prog_ac_ct_LIPO=lipo
ac_cv_prog_ac_ct_NMEDIT=nmedit
ac_cv_prog_ac_ct_OBJDUMP=objdump
ac_cv_prog_ac_ct_OTOOL=otool
ac_cv_prog_ac_ct_RANLIB=ranlib
ac_cv_prog_ac_ct_STRIP=strip
ac_cv_prog_cc_c89=
ac_cv_prog_cc_g=yes
ac_cv_prog_cc_gcc_c_o=yes
ac_cv_prog_make_make_set=yes
acl_cv_prog_gnu_ld=no
am_cv_CC_dependencies_compiler_type=gcc3
lt_cv_apple_cc_single_mod=yes
lt_cv_deplibs_check_method=pass_all
lt_cv_file_magic_cmd='$MAGIC_CMD'
lt_cv_file_magic_test_file=
lt_cv_ld_exported_symbols_list=yes
lt_cv_ld_reload_flag=-r
lt_cv_nm_interface='BSD nm'
lt_cv_objdir=.libs
lt_cv_path_LD=/usr/llvm-gcc-4.2/libexec/gcc/i686-apple-darwin11/4.2.1/ld
lt_cv_path_NM=/usr/bin/nm
lt_cv_prog_compiler_c_o=yes
lt_cv_prog_compiler_pic_works=yes
lt_cv_prog_compiler_rtti_exceptions=no
lt_cv_prog_compiler_static_works=no
lt_cv_prog_gnu_ld=no
lt_cv_sys_global_symbol_pipe='sed -n -e '\''s/^.*[	 ]\([BCDEGRST][BCDEGRST]*\)[	 ][	 ]*_\([_A-Za-z][_A-Za-z0-9]*\)$/\1 _\2 \2/p'\'''
lt_cv_sys_global_symbol_to_c_name_address='sed -n -e '\''s/^: \([^ ]*\) $/  {\"\1\", (void *) 0},/p'\'' -e '\''s/^[BCDEGRST]* \([^ ]*\) \([^ ]*\)$/  {"\2", (void *) \&\2},/p'\'''
lt_cv_sys_global_symbol_to_c_name_address_lib_prefix='sed -n -e '\''s/^: \([^ ]*\) $/  {\"\1\", (void *) 0},/p'\'' -e '\''s/^[BCDEGRST]* \([^ ]*\) \(lib[^ ]*\)$/  {"\2", (void *) \&\2},/p'\'' -e '\''s/^[BCDEGRST]* \([^ ]*\) \([^ ]*\)$/  {"lib\2", (void *) \&\2},/p'\'''
lt_cv_sys_global_symbol_to_cdecl='sed -n -e '\''s/^T .* \(.*\)$/extern int \1();/p'\'' -e '\''s/^[BCDEGRST]* .* \(.*\)$/extern char \1;/p'\'''
lt_cv_sys_max_cmd_len=196608
pkg_cv_GLIB_CFLAGS='-D_REENTRANT -I/usr/local/Cellar/glib/2.28.8/include/glib-2.0 -I/usr/local/Cellar/glib/2.28.8/lib/glib-2.0/include -I/usr/local/Cellar/gettext/0.18.1.1/include -I/usr/local/Cellar/glib/2.28.8/include  '
pkg_cv_GLIB_LIBS='-L/usr/local/Cellar/glib/2.28.8/lib -L/usr/local/Cellar/gettext/0.18.1.1/lib -lgthread-2.0 -lglib-2.0 -lintl  '
pkg_cv_JACK_CFLAGS='-I/usr/local/include  '
pkg_cv_JACK_LIBS='-framework CoreAudio -framework CoreServices -framework AudioUnit -L/usr/local/lib -ljack  '
pkg_cv_LIBSNDFILE_CFLAGS='-I/usr/local/Cellar/libsndfile/1.0.25/include  '
pkg_cv_LIBSNDFILE_LIBS='-L/usr/local/Cellar/libsndfile/1.0.25/lib -lsndfile  '
pkg_cv_LIBSNDFILE_VORBIS_CFLAGS='-I/usr/local/Cellar/libsndfile/1.0.25/include  '
pkg_cv_LIBSNDFILE_VORBIS_LIBS='-L/usr/local/Cellar/libsndfile/1.0.25/lib -lsndfile  '

## ----------------- ##
## Output variables. ##
## ----------------- ##

ACLOCAL='${SHELL} /Users/Mayank/Documents/Academics/256A/milesAhead/fluidsynth-1.1.5/missing --run aclocal-1.11'
ALSA_CFLAGS=''
ALSA_LIBS=''
ALSA_SUPPORT_FALSE=''
ALSA_SUPPORT_TRUE='#'
AMDEPBACKSLASH='\'
AMDEP_FALSE='#'
AMDEP_TRUE=''
AMTAR='${SHELL} /Users/Mayank/Documents/Academics/256A/milesAhead/fluidsynth-1.1.5/missing --run tar'
AR='ar'
AS='as'
AUTOCONF='${SHELL} /Users/Mayank/Documents/Academics/256A/milesAhead/fluidsynth-1.1.5/missing --run autoconf'
AUTOHEADER='${SHELL} /Users/Mayank/Documents/Academics/256A/milesAhead/fluidsynth-1.1.5/missing --run autoheader'
AUTOMAKE='${SHELL} /Users/Mayank/Documents/Academics/256A/milesAhead/fluidsynth-1.1.5/missing --run automake-1.11'
AWK='awk'
CC='gcc'
CCDEPMODE='depmode=gcc3'
CFLAGS='  -O2 -fomit-frame-pointer -funroll-all-loops -finline-functions -Wall -W -Wpointer-arith -Wbad-function-cast -Wcast-qual -Wcast-align -Wstrict-prototypes -Winline -Wno-unused-parameter -Wno-cast-qual'
COREAUDIO_LIBS='-Wl,-framework,CoreAudio'
COREAUDIO_SUPPORT_FALSE='#'
COREAUDIO_SUPPORT_TRUE=''
COREMIDI_LIBS='-Wl,-framework,CoreMIDI'
COREMIDI_SUPPORT_FALSE='#'
COREMIDI_SUPPORT_TRUE=''
CPP='gcc -E'
CPPFLAGS=''
CYGPATH_W='echo'
DART_CFLAGS=''
DART_LIBS=''
DART_SUPPORT_FALSE=''
DART_SUPPORT_TRUE='#'
DBUS_CFLAGS=''
DBUS_LIBS=''
DBUS_SUPPORT_FALSE=''
DBUS_SUPPORT_TRUE='#'
DEFS='-DHAVE_CONFIG_H'
DEPDIR='.deps'
DLLTOOL='dlltool'
DSYMUTIL='dsymutil'
DUMPBIN=''
ECHO_C='\c'
ECHO_N=''
ECHO_T=''
EGREP='/usr/bin/grep -E'
EXEEXT=''
FGREP='/usr/bin/grep -F'
FLUIDSYNTH_VERSION='"1.1.5"'
FLUIDSYNTH_VERSION_MAJOR='1'
FLUIDSYNTH_VERSION_MICRO='5'
FLUIDSYNTH_VERSION_MINOR='1'
FLUID_CPPFLAGS=''
GLIB_CFLAGS='-D_REENTRANT -I/usr/local/Cellar/glib/2.28.8/include/glib-2.0 -I/usr/local/Cellar/glib/2.28.8/lib/glib-2.0/include -I/usr/local/Cellar/gettext/0.18.1.1/include -I/usr/local/Cellar/glib/2.28.8/include  '
GLIB_LIBS='-L/usr/local/Cellar/glib/2.28.8/lib -L/usr/local/Cellar/gettext/0.18.1.1/lib -lgthread-2.0 -lglib-2.0 -lintl  '
GNU_LD_SUPPORT_FALSE=''
GNU_LD_SUPPORT_TRUE='#'
GREP='/usr/bin/grep'
INSTALL_DATA='${INSTALL} -m 644'
INSTALL_PROGRAM='${INSTALL}'
INSTALL_SCRIPT='${INSTALL}'
INSTALL_STRIP_PROGRAM='$(install_sh) -c -s'
JACK_CFLAGS='-I/usr/local/include  '
JACK_LIBS='-framework CoreAudio -framework CoreServices -framework AudioUnit -L/usr/local/lib -ljack  '
JACK_SUPPORT_FALSE='#'
JACK_SUPPORT_TRUE=''
LADCCA_CFLAGS=''
LADCCA_LIBS=''
LADCCA_SUPPORT_FALSE=''
LADCCA_SUPPORT_TRUE='#'
LASH_CFLAGS=''
LASH_LIBS=''
LASH_SUPPORT_FALSE=''
LASH_SUPPORT_TRUE='#'
LD='/usr/llvm-gcc-4.2/libexec/gcc/i686-apple-darwin11/4.2.1/ld'
LDFLAGS=''
LIBFLUID_CPPFLAGS=''
LIBFLUID_LDFLAGS=''
LIBFLUID_LIBS='-lm'
LIBOBJS=''
LIBS='-lpthread '
LIBSNDFILE_CFLAGS='-I/usr/local/Cellar/libsndfile/1.0.25/include  '
LIBSNDFILE_HASVORBIS_FALSE='#'
LIBSNDFILE_HASVORBIS_TRUE=''
LIBSNDFILE_LIBS='-L/usr/local/Cellar/libsndfile/1.0.25/lib -lsndfile  '
LIBSNDFILE_SUPPORT_FALSE='#'
LIBSNDFILE_SUPPORT_TRUE=''
LIBSNDFILE_VORBIS_CFLAGS='-I/usr/local/Cellar/libsndfile/1.0.25/include  '
LIBSNDFILE_VORBIS_LIBS='-L/usr/local/Cellar/libsndfile/1.0.25/lib -lsndfile  '
LIBTOOL='$(SHELL) $(top_builddir)/libtool'
LIPO='lipo'
LN_S='ln -s'
LTLIBOBJS=''
LT_VERSION_INFO='6:1:5'
MAKEINFO='${SHELL} /Users/Mayank/Documents/Academics/256A/milesAhead/fluidsynth-1.1.5/missing --run makeinfo'
MINGW32_SUPPORT_FALSE=''
MINGW32_SUPPORT_TRUE='#'
MKDIR_P='./install-sh -c -d'
NM='/usr/bin/nm'
NMEDIT='nmedit'
OBJDUMP='objdump'
OBJEXT='o'
OSS_SUPPORT_FALSE=''
OSS_SUPPORT_TRUE='#'
OTOOL64=':'
OTOOL='otool'
PACKAGE='fluidsynth'
PACKAGE_BUGREPORT=''
PACKAGE_NAME=''
PACKAGE_STRING=''
PACKAGE_TARNAME=''
PACKAGE_URL=''
PACKAGE_VERSION=''
PATH_SEPARATOR=':'
PKG_CONFIG='/usr/local/bin/pkg-config'
PKG_CONFIG_LIBDIR=''
PKG_CONFIG_PATH=''
PORTAUDIO_CFLAGS=''
PORTAUDIO_LIBS=''
PORTAUDIO_SUPPORT_FALSE=''
PORTAUDIO_SUPPORT_TRUE='#'
PULSE_CFLAGS=''
PULSE_LIBS=''
PULSE_SUPPORT_FALSE=''
PULSE_SUPPORT_TRUE='#'
RANLIB='ranlib'
READLINE_CFLAGS=''
READLINE_LIBS='-lreadline -lncurses'
SED='/usr/bin/sed'
SET_MAKE=''
SHELL='/bin/sh'
STRIP='strip'
VERSION='1.1.5'
ac_ct_CC='gcc'
ac_ct_DUMPBIN=''
am__EXEEXT_FALSE=''
am__EXEEXT_TRUE='#'
am__fastdepCC_FALSE='#'
am__fastdepCC_TRUE=''
am__include='include'
am__isrc=''
am__leading_dot='.'
am__quote=''
am__tar='${AMTAR} chof - "$$tardir"'
am__untar='${AMTAR} xf -'
bindir='${exec_prefix}/bin'
build='x86_64-apple-darwin11.2.0'
build_alias=''
build_cpu='x86_64'
build_os='darwin11.2.0'
build_vendor='apple'
datadir='${datarootdir}'
datarootdir='${prefix}/share'
docdir='${datarootdir}/doc/${PACKAGE}'
dvidir='${docdir}'
exec_prefix='${prefix}'
host='x86_64-apple-darwin11.2.0'
host_alias=''
host_cpu='x86_64'
host_os='darwin11.2.0'
host_vendor='apple'
htmldir='${docdir}'
includedir='${prefix}/include'
infodir='${datarootdir}/info'
install_sh='${SHELL} /Users/Mayank/Documents/Academics/256A/milesAhead/fluidsynth-1.1.5/install-sh'
libdir='${exec_prefix}/lib'
libexecdir='${exec_prefix}/libexec'
localedir='${datarootdir}/locale'
localstatedir='${prefix}/var'
lt_ECHO='/bin/echo'
mandir='${datarootdir}/man'
mkdir_p='$(top_builddir)/./install-sh -c -d'
oldincludedir='/usr/include'
pdfdir='${docdir}'
prefix='/usr/local'
program_transform_name='s,x,x,'
psdir='${docdir}'
sbindir='${exec_prefix}/sbin'
sharedstatedir='${prefix}/com'
sysconfdir='${prefix}/etc'
target_alias=''

## ----------- ##
## confdefs.h. ##
## ----------- ##

/* confdefs.h */
#define PACKAGE_NAME ""
#define PACKAGE_TARNAME ""
#define PACKAGE_VERSION ""
#define PACKAGE_STRING ""
#define PACKAGE_BUGREPORT ""
#define PACKAGE_URL ""
#define PACKAGE "fluidsynth"
#define VERSION "1.1.5"
#define STDC_HEADERS 1
#define HAVE_SYS_TYPES_H 1
#define HAVE_SYS_STAT_H 1
#define HAVE_STDLIB_H 1
#define HAVE_STRING_H 1
#define HAVE_MEMORY_H 1
#define HAVE_STRINGS_H 1
#define HAVE_INTTYPES_H 1
#define HAVE_STDINT_H 1
#define HAVE_UNISTD_H 1
#define HAVE_DLFCN_H 1
#define LT_OBJDIR ".libs/"
#define HAVE_LIBPTHREAD 1
#define STDC_HEADERS 1
#define HAVE_STRING_H 1
#define HAVE_STDLIB_H 1
#define HAVE_STDIO_H 1
#define HAVE_MATH_H 1
#define HAVE_ERRNO_H 1
#define HAVE_STDARG_H 1
#define HAVE_UNISTD_H 1
#define HAVE_SYS_MMAN_H 1
#define HAVE_SYS_TYPES_H 1
#define HAVE_SYS_TIME_H 1
#define HAVE_SYS_STAT_H 1
#define HAVE_FCNTL_H 1
#define HAVE_SYS_SOCKET_H 1
#define HAVE_NETINET_IN_H 1
#define HAVE_NETINET_TCP_H 1
#define HAVE_ARPA_INET_H 1
#define HAVE_LIMITS_H 1
#define HAVE_PTHREAD_H 1
#define HAVE_SIGNAL_H 1
#define DARWIN 1
#define WITH_FLOAT 1
#define DEBUG 0
#define LIBSNDFILE_SUPPORT 1
#define LIBSNDFILE_HASVORBIS 1
#define AUFILE_SUPPORT 1
#define HAVE_FCNTL_H 1
#define HAVE_SYS_IOCTL_H 1
#define JACK_SUPPORT 1
#define COREAUDIO_SUPPORT 1
#define COREMIDI_SUPPORT 1
#define WITH_READLINE 1

configure: exit 0
