C:\Users\boolzhu\Downloads\assignment5(1)\assignment5\FontEditor\Release\cl.command.1.tlog
C:\Users\boolzhu\Downloads\assignment5(1)\assignment5\FontEditor\Release\CL.read.1.tlog
C:\Users\boolzhu\Downloads\assignment5(1)\assignment5\FontEditor\Release\CL.write.1.tlog
C:\USERS\BOOLZHU\DOWNLOADS\ASSIGNMENT5(1)\ASSIGNMENT5\FONTEDITOR\RELEASE\FONTEDITOR.EXE
C:\USERS\BOOLZHU\DOWNLOADS\ASSIGNMENT5(1)\ASSIGNMENT5\FONTEDITOR\RELEASE\FONTEDITOR.EXE.INTERMEDIATE.MANIFEST
C:\USERS\BOOLZHU\DOWNLOADS\ASSIGNMENT5(1)\ASSIGNMENT5\FONTEDITOR\RELEASE\FONTEDITOR.PDB
C:\Users\boolzhu\Downloads\assignment5(1)\assignment5\FontEditor\Release\FontEditor.write.1.tlog
C:\Users\boolzhu\Downloads\assignment5(1)\assignment5\FontEditor\Release\link.command.1.tlog
C:\Users\boolzhu\Downloads\assignment5(1)\assignment5\FontEditor\Release\link.read.1.tlog
C:\Users\boolzhu\Downloads\assignment5(1)\assignment5\FontEditor\Release\link.write.1.tlog
C:\USERS\BOOLZHU\DOWNLOADS\ASSIGNMENT5(1)\ASSIGNMENT5\FONTEDITOR\RELEASE\MAIN.OBJ
C:\Users\boolzhu\Downloads\assignment5(1)\assignment5\FontEditor\Release\mt.command.1.tlog
C:\Users\boolzhu\Downloads\assignment5(1)\assignment5\FontEditor\Release\mt.read.1.tlog
C:\Users\boolzhu\Downloads\assignment5(1)\assignment5\FontEditor\Release\mt.write.1.tlog
C:\USERS\BOOLZHU\DOWNLOADS\ASSIGNMENT5(1)\ASSIGNMENT5\FONTEDITOR\RELEASE\MYFONT.OBJ
C:\USERS\BOOLZHU\DOWNLOADS\ASSIGNMENT5(1)\ASSIGNMENT5\FONTEDITOR\RELEASE\TEMPLATELAYER.OBJ
C:\USERS\BOOLZHU\DOWNLOADS\ASSIGNMENT5(1)\ASSIGNMENT5\FONTEDITOR\RELEASE\TTDATASTREAM.OBJ
C:\USERS\BOOLZHU\DOWNLOADS\ASSIGNMENT5(1)\ASSIGNMENT5\FONTEDITOR\RELEASE\TTFONTWRITER.OBJ
C:\USERS\BOOLZHU\DOWNLOADS\ASSIGNMENT5(1)\ASSIGNMENT5\FONTEDITOR\RELEASE\TTGLYPH.OBJ
C:\USERS\BOOLZHU\DOWNLOADS\ASSIGNMENT5(1)\ASSIGNMENT5\FONTEDITOR\RELEASE\TTTABLES.OBJ
C:\USERS\BOOLZHU\DOWNLOADS\ASSIGNMENT5(1)\ASSIGNMENT5\FONTEDITOR\RELEASE\VC100.PDB
